<?xml version="1.0" encoding="UTF-8"?>
<robot generator="Robot 3.0.4 (Python 3.7.3 on darwin)" generated="20200521 01:02:11.236">
<suite id="s1" name="02 Vmx1" source="/Users/srigupta/Desktop/demo_16/robot_1/nita_qfx_ipclos_example/test/resource_files/02_vmx1.robot">
<kw name="Device Open Connection" library="device_resources" type="setup">
<arguments>
<arg>${device}</arg>
</arguments>
<msg timestamp="20200521 01:02:11.611" level="TRACE">Arguments: [ @{devices}=['vmx107'] ]</msg>
<kw name="${device} IN [ @{devices} ]" type="for">
<kw name="${device} = vmx107" type="foritem">
<kw name="Run Keyword" library="BuiltIn">
<doc>Executes the given keyword with the given arguments.</doc>
<arguments>
<arg>${device}.Open Connection</arg>
</arguments>
<msg timestamp="20200521 01:02:11.611" level="TRACE">Arguments: [ 'vmx107.Open Connection' ]</msg>
<kw name="Open Connection" library="vmx107">
<msg timestamp="20200521 01:02:11.611" level="TRACE">Arguments: [  ]</msg>
<msg timestamp="20200521 01:02:11.653" level="DEBUG">[host None session 0x104443470] &lt;SSHSession(session, initial daemon)&gt; created: client_capabilities=&lt;dict_keyiterator object at 0x104436ef8&gt;</msg>
<msg timestamp="20200521 01:02:11.937" level="DEBUG">[host 10.102.164.218 session 0x104443470] not a valid RSA private key file</msg>
<msg timestamp="20200521 01:02:12.188" level="DEBUG">[chan 0] Max packet in: 32768 bytes</msg>
<msg timestamp="20200521 01:02:12.293" level="DEBUG">[host 10.102.164.218 session 0x104443470] installing listener &lt;ncclient.transport.session.NotificationHandler object at 0x10439f5c0&gt;</msg>
<msg timestamp="20200521 01:02:12.293" level="DEBUG">[host 10.102.164.218 session 0x104443470] installing listener &lt;ncclient.transport.session.HelloHandler object at 0x10439ff28&gt;</msg>
<msg timestamp="20200521 01:02:12.293" level="DEBUG">[host 10.102.164.218 session 0x104443470] queueing &lt;?xml version="1.0" encoding="UTF-8"?&gt;&lt;nc:hello xmlns:nc="urn:ietf:params:xml:ns:netconf:base:1.0"&gt;&lt;nc:capabilities&gt;&lt;nc:capability&gt;urn:ietf:params:netconf:base:1.0&lt;/nc:capability&gt;&lt;nc:capability&gt;urn:ietf:params:netconf:base:1.1&lt;/nc:capability&gt;&lt;nc:capability&gt;urn:ietf:params:netconf:capability:writable-running:1.0&lt;/nc:capability&gt;&lt;nc:capability&gt;urn:ietf:params:netconf:capability:candidate:1.0&lt;/nc:capability&gt;&lt;nc:capability&gt;urn:ietf:params:netconf:capability:confirmed-commit:1.0&lt;/nc:capability&gt;&lt;nc:capability&gt;urn:ietf:params:netconf:capability:rollback-on-error:1.0&lt;/nc:capability&gt;&lt;nc:capability&gt;urn:ietf:params:netconf:capability:startup:1.0&lt;/nc:capability&gt;&lt;nc:capability&gt;urn:ietf:params:netconf:capability:url:1.0?scheme=http,ftp,file,https,sftp&lt;/nc:capability&gt;&lt;nc:capability&gt;urn:ietf:params:netconf:capability:validate:1.0&lt;/nc:capability&gt;&lt;nc:capability&gt;urn:ietf:params:netconf:capability:xpath:1.0&lt;/nc:capability&gt;&lt;nc:capability&gt;urn:ietf:params:netconf:capability:notification:1.0&lt;/nc:capability&gt;&lt;nc:capability&gt;urn:liberouter:params:netconf:capability:power-control:1.0&lt;/nc:capability&gt;&lt;nc:capability&gt;urn:ietf:params:netconf:capability:interleave:1.0&lt;/nc:capability&gt;&lt;nc:capability&gt;urn:ietf:params:netconf:capability:with-defaults:1.0&lt;/nc:capability&gt;&lt;/nc:capabilities&gt;&lt;/nc:hello&gt;</msg>
<msg timestamp="20200521 01:02:12.293" level="DEBUG">[host 10.102.164.218 session 0x104443470] starting main loop</msg>
<msg timestamp="20200521 01:02:12.646" level="DEBUG">[host 10.102.164.218 session-id 50795] discarding listener &lt;ncclient.transport.session.HelloHandler object at 0x10439ff28&gt;</msg>
<msg timestamp="20200521 01:02:12.646" level="INFO">[host 10.102.164.218 session-id 50795] initialized: session-id=50795 | server_capabilities=&lt;dict_keyiterator object at 0x1034f1908&gt;</msg>
<msg timestamp="20200521 01:02:12.646" level="DEBUG">[host 10.102.164.218 session-id 50795] installing listener &lt;jnpr.junos.device.DeviceSessionListener object at 0x1043a8c18&gt;</msg>
<msg timestamp="20200521 01:02:12.646" level="TRACE">Return: &lt;pybot_jrouter.pybot_jrouter object at 0x10433a2e8&gt;</msg>
<status status="PASS" starttime="20200521 01:02:11.611" endtime="20200521 01:02:12.646"></status>
</kw>
<msg timestamp="20200521 01:02:12.646" level="TRACE">Return: &lt;pybot_jrouter.pybot_jrouter object at 0x10433a2e8&gt;</msg>
<status status="PASS" starttime="20200521 01:02:11.611" endtime="20200521 01:02:12.646"></status>
</kw>
<status status="PASS" starttime="20200521 01:02:11.611" endtime="20200521 01:02:12.646"></status>
</kw>
<status status="PASS" starttime="20200521 01:02:11.611" endtime="20200521 01:02:12.646"></status>
</kw>
<msg timestamp="20200521 01:02:12.646" level="TRACE">Return: None</msg>
<status status="PASS" starttime="20200521 01:02:11.611" endtime="20200521 01:02:12.646"></status>
</kw>
<test id="s1-t1" name="T1.1: CHECK SYSTEM SOFTWARE VERSION">
<kw name="Check Software Version" library="show_cmd_keywords">
<arguments>
<arg>${device}</arg>
<arg>19.2R1.2</arg>
</arguments>
<msg timestamp="20200521 01:02:12.647" level="TRACE">Arguments: [ ${device}='vmx107' | ${software-version}='19.2R1.2' ]</msg>
<kw name="Command Executor" library="device_resources">
<arguments>
<arg>${device}</arg>
<arg>show version</arg>
<arg>xml</arg>
<arg>//junos-version</arg>
</arguments>
<assign>
<var>${get-software-details}</var>
</assign>
<msg timestamp="20200521 01:02:12.648" level="TRACE">Arguments: [ ${device}='vmx107' | ${command}='show version' | ${display_format}='xml' | ${xpath}='//junos-version' | ${regex}='' ]</msg>
<kw name="Run Keyword" library="BuiltIn">
<doc>Executes the given keyword with the given arguments.</doc>
<arguments>
<arg>${device}.Commands Executor</arg>
<arg>command=${command}</arg>
<arg>format=${display_format}</arg>
<arg>xpath=${xpath}</arg>
<arg>regex=${regex}</arg>
</arguments>
<assign>
<var>${result}</var>
</assign>
<msg timestamp="20200521 01:02:12.648" level="TRACE">Arguments: [ 'vmx107.Commands Executor' | 'command=${command}' | 'format=${display_format}' | 'xpath=${xpath}' | 'regex=${regex}' ]</msg>
<kw name="Commands Executor" library="vmx107">
<doc>Function that issues commands</doc>
<arguments>
<arg>command=${command}</arg>
<arg>format=${display_format}</arg>
<arg>xpath=${xpath}</arg>
<arg>regex=${regex}</arg>
</arguments>
<msg timestamp="20200521 01:02:12.648" level="TRACE">Arguments: [ command='show version' | format='xml' | xpath='//junos-version' | regex='' ]</msg>
<msg timestamp="20200521 01:02:12.649" level="DEBUG">[host 10.102.164.218 session-id 50795] installing listener &lt;ncclient.operations.rpc.RPCReplyListener object at 0x104396e10&gt;</msg>
<msg timestamp="20200521 01:02:12.649" level="INFO">[host 10.102.164.218 session-id 50795] Requesting 'ExecuteRpc'</msg>
<msg timestamp="20200521 01:02:12.649" level="DEBUG">[host 10.102.164.218 session-id 50795] queueing &lt;?xml version="1.0" encoding="UTF-8"?&gt;&lt;nc:rpc xmlns:nc="urn:ietf:params:xml:ns:netconf:base:1.0" message-id="urn:uuid:fe8fa561-3a5b-45a9-b976-142401e4b779"&gt;&lt;command&gt;show version&lt;/command&gt;&lt;/nc:rpc&gt;</msg>
<msg timestamp="20200521 01:02:12.649" level="DEBUG">[host 10.102.164.218 session-id 50795] Sync request, will wait for timeout=14400</msg>
<msg timestamp="20200521 01:02:13.178" level="INFO">Executing: show version [//junos-version]
19.2R1.2</msg>
<msg timestamp="20200521 01:02:13.178" level="TRACE">Return: '19.2R1.2'</msg>
<status status="PASS" starttime="20200521 01:02:12.648" endtime="20200521 01:02:13.178"></status>
</kw>
<msg timestamp="20200521 01:02:13.178" level="TRACE">Return: '19.2R1.2'</msg>
<msg timestamp="20200521 01:02:13.179" level="INFO">${result} = 19.2R1.2</msg>
<status status="PASS" starttime="20200521 01:02:12.648" endtime="20200521 01:02:13.179"></status>
</kw>
<msg timestamp="20200521 01:02:13.179" level="TRACE">Return: '19.2R1.2'</msg>
<msg timestamp="20200521 01:02:13.179" level="INFO">${get-software-details} = 19.2R1.2</msg>
<status status="PASS" starttime="20200521 01:02:12.647" endtime="20200521 01:02:13.179"></status>
</kw>
<kw name="Should Be Equal" library="BuiltIn">
<doc>Fails if the given objects are unequal.</doc>
<arguments>
<arg>${software-version}</arg>
<arg>${get-software-details}</arg>
<arg>JunOS version is different that expected in ${device}!</arg>
</arguments>
<msg timestamp="20200521 01:02:13.179" level="TRACE">Arguments: [ '19.2R1.2' | '19.2R1.2' | 'JunOS version is different that expected in vmx107!' ]</msg>
<msg timestamp="20200521 01:02:13.179" level="DEBUG">Argument types are:
&lt;type 'unicode'&gt;
&lt;type 'unicode'&gt;</msg>
<msg timestamp="20200521 01:02:13.179" level="TRACE">Return: None</msg>
<status status="PASS" starttime="20200521 01:02:13.179" endtime="20200521 01:02:13.179"></status>
</kw>
<msg timestamp="20200521 01:02:13.179" level="TRACE">Return: None</msg>
<status status="PASS" starttime="20200521 01:02:12.647" endtime="20200521 01:02:13.179"></status>
</kw>
<doc>Objective: Check software version</doc>
<tags>
<tag>SOFTWARE</tag>
<tag>SWITCH</tag>
<tag>SYSTEM</tag>
</tags>
<status status="PASS" starttime="20200521 01:02:12.646" endtime="20200521 01:02:13.179" critical="yes"></status>
</test>
<test id="s1-t2" name="T1.2: CHECK SYSTEM USER">
<kw name="Check System User Information" library="show_cmd_keywords">
<arguments>
<arg>${device}</arg>
</arguments>
<msg timestamp="20200521 01:02:13.180" level="TRACE">Arguments: [ ${device}='vmx107' ]</msg>
<kw name="Command Executor" library="device_resources">
<arguments>
<arg>${device}</arg>
<arg>show system user</arg>
<arg>xml</arg>
<arg>./uptime-information/user-table/user-entry/user</arg>
</arguments>
<assign>
<var>${get_user}</var>
</assign>
<msg timestamp="20200521 01:02:13.180" level="TRACE">Arguments: [ ${device}='vmx107' | ${command}='show system user' | ${display_format}='xml' | ${xpath}='./uptime-information/user-table/user-entry/user' | ${regex}='' ]</msg>
<kw name="Run Keyword" library="BuiltIn">
<doc>Executes the given keyword with the given arguments.</doc>
<arguments>
<arg>${device}.Commands Executor</arg>
<arg>command=${command}</arg>
<arg>format=${display_format}</arg>
<arg>xpath=${xpath}</arg>
<arg>regex=${regex}</arg>
</arguments>
<assign>
<var>${result}</var>
</assign>
<msg timestamp="20200521 01:02:13.181" level="TRACE">Arguments: [ 'vmx107.Commands Executor' | 'command=${command}' | 'format=${display_format}' | 'xpath=${xpath}' | 'regex=${regex}' ]</msg>
<kw name="Commands Executor" library="vmx107">
<doc>Function that issues commands</doc>
<arguments>
<arg>command=${command}</arg>
<arg>format=${display_format}</arg>
<arg>xpath=${xpath}</arg>
<arg>regex=${regex}</arg>
</arguments>
<msg timestamp="20200521 01:02:13.181" level="TRACE">Arguments: [ command='show system user' | format='xml' | xpath='./uptime-information/user-table/user-entry/user' | regex='' ]</msg>
<msg timestamp="20200521 01:02:13.181" level="INFO">[host 10.102.164.218 session-id 50795] Requesting 'ExecuteRpc'</msg>
<msg timestamp="20200521 01:02:13.182" level="DEBUG">[host 10.102.164.218 session-id 50795] queueing &lt;?xml version="1.0" encoding="UTF-8"?&gt;&lt;nc:rpc xmlns:nc="urn:ietf:params:xml:ns:netconf:base:1.0" message-id="urn:uuid:4ea6c633-e522-4075-9fae-429871df2943"&gt;&lt;command&gt;show system user&lt;/command&gt;&lt;/nc:rpc&gt;</msg>
<msg timestamp="20200521 01:02:13.182" level="DEBUG">[host 10.102.164.218 session-id 50795] Sync request, will wait for timeout=14400</msg>
<msg timestamp="20200521 01:02:13.448" level="INFO">Executing: show system user [./uptime-information/user-table/user-entry/user]
northstar</msg>
<msg timestamp="20200521 01:02:13.448" level="TRACE">Return: 'northstar'</msg>
<status status="PASS" starttime="20200521 01:02:13.181" endtime="20200521 01:02:13.448"></status>
</kw>
<msg timestamp="20200521 01:02:13.448" level="TRACE">Return: 'northstar'</msg>
<msg timestamp="20200521 01:02:13.448" level="INFO">${result} = northstar</msg>
<status status="PASS" starttime="20200521 01:02:13.181" endtime="20200521 01:02:13.448"></status>
</kw>
<msg timestamp="20200521 01:02:13.448" level="TRACE">Return: 'northstar'</msg>
<msg timestamp="20200521 01:02:13.448" level="INFO">${get_user} = northstar</msg>
<status status="PASS" starttime="20200521 01:02:13.180" endtime="20200521 01:02:13.448"></status>
</kw>
<kw name="Parse Xml" library="XML">
<doc>Parses the given XML file or string into an element structure.</doc>
<arguments>
<arg>${get_user}</arg>
<arg>./uptime-information/user-table/user-entry/user</arg>
</arguments>
<assign>
<var>${root}</var>
</assign>
<msg timestamp="20200521 01:02:13.448" level="TRACE">Arguments: [ 'northstar' | './uptime-information/user-table/user-entry/user' ]</msg>
<msg timestamp="20200521 01:02:13.449" level="FAIL">FileNotFoundError: [Errno 2] No such file or directory: 'northstar'</msg>
<msg timestamp="20200521 01:02:13.449" level="DEBUG">Traceback (most recent call last):
  File "/Library/Developer/CommandLineTools/Library/Frameworks/Python3.framework/Versions/3.7/lib/python3.7/xml/etree/ElementTree.py", line 1197, in parse
    tree.parse(source, parser)
  File "/Library/Developer/CommandLineTools/Library/Frameworks/Python3.framework/Versions/3.7/lib/python3.7/xml/etree/ElementTree.py", line 587, in parse
    source = open(source, "rb")</msg>
<status status="FAIL" starttime="20200521 01:02:13.448" endtime="20200521 01:02:13.449"></status>
</kw>
<status status="FAIL" starttime="20200521 01:02:13.180" endtime="20200521 01:02:13.449"></status>
</kw>
<doc>Objective: Check System User Information</doc>
<tags>
<tag>SYSTEM USER</tag>
</tags>
<status status="FAIL" starttime="20200521 01:02:13.180" endtime="20200521 01:02:13.450" critical="yes">FileNotFoundError: [Errno 2] No such file or directory: 'northstar'</status>
</test>
<test id="s1-t3" name="T1.3: CHECK CONFIGURATION">
<kw name="Check Configuration" library="show_cmd_keywords">
<arguments>
<arg>${device}</arg>
</arguments>
<msg timestamp="20200521 01:02:13.450" level="TRACE">Arguments: [ ${device}='vmx107' ]</msg>
<kw name="Command Executor" library="device_resources">
<arguments>
<arg>${device}</arg>
<arg>show configuration</arg>
<arg>xml</arg>
</arguments>
<assign>
<var>${get_conf}</var>
</assign>
<msg timestamp="20200521 01:02:13.451" level="TRACE">Arguments: [ ${device}='vmx107' | ${command}='show configuration' | ${display_format}='xml' | ${xpath}='' | ${regex}='' ]</msg>
<kw name="Run Keyword" library="BuiltIn">
<doc>Executes the given keyword with the given arguments.</doc>
<arguments>
<arg>${device}.Commands Executor</arg>
<arg>command=${command}</arg>
<arg>format=${display_format}</arg>
<arg>xpath=${xpath}</arg>
<arg>regex=${regex}</arg>
</arguments>
<assign>
<var>${result}</var>
</assign>
<msg timestamp="20200521 01:02:13.451" level="TRACE">Arguments: [ 'vmx107.Commands Executor' | 'command=${command}' | 'format=${display_format}' | 'xpath=${xpath}' | 'regex=${regex}' ]</msg>
<kw name="Commands Executor" library="vmx107">
<doc>Function that issues commands</doc>
<arguments>
<arg>command=${command}</arg>
<arg>format=${display_format}</arg>
<arg>xpath=${xpath}</arg>
<arg>regex=${regex}</arg>
</arguments>
<msg timestamp="20200521 01:02:13.451" level="TRACE">Arguments: [ command='show configuration' | format='xml' | xpath='' | regex='' ]</msg>
<msg timestamp="20200521 01:02:13.452" level="INFO">[host 10.102.164.218 session-id 50795] Requesting 'ExecuteRpc'</msg>
<msg timestamp="20200521 01:02:13.452" level="DEBUG">[host 10.102.164.218 session-id 50795] queueing &lt;?xml version="1.0" encoding="UTF-8"?&gt;&lt;nc:rpc xmlns:nc="urn:ietf:params:xml:ns:netconf:base:1.0" message-id="urn:uuid:370d9919-4e74-47d3-a740-0109300f5f45"&gt;&lt;command&gt;show configuration&lt;/command&gt;&lt;/nc:rpc&gt;</msg>
<msg timestamp="20200521 01:02:13.452" level="DEBUG">[host 10.102.164.218 session-id 50795] Sync request, will wait for timeout=14400</msg>
<msg timestamp="20200521 01:02:13.633" level="TRACE">Return: (b'&lt;configuration-information&gt;&lt;configuration-output&gt;\n## Last commit: 2020-05-11 15:54:57 PDT by northstar\nversion 20190517.030718_builder.r1028173;\ngroups {\n    member0 {\n        system {\n            host-name vmx107;\n            backup-router 10.102.175.254;\n        }\n        interfaces {\n            fxp0 {\n                unit 0 {\n                    family inet {\n              '
 b'          address 10.102.164.218/20;\n                    }\n                }\n            }\n        }\n    }\n    global {\n        system {\n            root-authentication {\n                encrypted-password "$1$ZUlES4dp$OUwWo1g7cLoV/aMWpHUnC/"; ## SECRET-DATA\n            }\n            login {\n                class wheel {\n                    permissions snmp;\n                }\n '
 b'               user regress {\n                    uid 928;\n                    class superuser;\n                    shell csh;\n                    authentication {\n                        encrypted-password "$1$kPU..$w.4FGRAGanJ8U4Yq6sbj7."; ## SECRET-DATA\n                    }\n                }\n                user remote {\n                    uid 2000;\n                    class s'
 b'uper-user;\n                }\n            }\n            services {\n                finger;\n                ftp;\n                rlogin;\n                ssh {\n                    root-login allow;\n                }\n                telnet;\n                xnm-clear-text;\n            }\n            domain-name englab.juniper.net;\n            domain-search [ englab.juniper.net junipe'
 b'r.net jnpr.net spglab.juniper.net ];\n            time-zone America/Los_Angeles;\n            debugger-on-break;\n            dump-on-panic;\n            authentication-order [ password radius ];\n            name-server {\n                10.102.149.51;\n                10.102.149.52;\n            }\n            radius-server {\n                192.168.69.162 secret "$9$iHfz9Cu0BRQznCApIRSr'
 b'eWxNVw2GjkKM4JGimP"; ## SECRET-DATA\n                192.168.64.10 secret "$9$TQ/t1IcSrKAt0IRheK8X7VYgaZDm5zNdiqmTn6"; ## SECRET-DATA\n                192.168.4.240 secret "$9$GqUqf3nCApOPfQn690ORhSeWL7-boZDylsgoGHk"; ## SECRET-DATA\n            }\n            syslog {\n                host log {\n                    kernel info;\n                    any notice;\n                    pfe in'
 b'fo;\n                    interactive-commands any;\n                }\n                file messages {\n                    kernel info;\n                    any notice;\n                    authorization info;\n                    pfe info;\n                    archive world-readable;\n                }\n                file security {\n                    interactive-commands any;\n         '
 b'           archive world-readable;\n                }\n            }\n            processes {\n                routing enable;\n                ntp enable;\n                management enable;\n                watchdog enable;\n                snmp enable;\n                inet-process enable;\n                mib-process enable;\n            }\n            ntp {\n                boot-server'
 b' 172.21.200.60;\n                server 172.21.200.60;\n                server 172.29.131.60;\n                server 172.29.135.60;\n            }\n        }\n        chassis {\n            dump-on-panic;\n        }\n        snmp {\n            location "Systest lab";\n            contact "Jay Lloyd";\n            community public {\n                authorization read-only;\n            }\n '
 b'           community private {\n                authorization read-write;\n            }\n        }\n        routing-options {\n            static {\n                /* corperate and alpha net */\n                route 172.16.0.0/12 {\n                    next-hop 10.102.175.254;\n                    retain;\n                    no-readvertise;\n                }\n                /* eng lab ne'
 b'ts */\n                route 192.168.0.0/16 {\n                    next-hop 10.102.175.254;\n                    retain;\n                    no-readvertise;\n                }\n                route 10.0.0.0/8 {\n                    next-hop 10.102.175.254;\n                    retain;\n                    no-readvertise;\n                }\n                /* ntp server */\n                r'
 b'oute 66.129.255.62/32 {\n                    next-hop 10.102.175.254;\n                    retain;\n                    no-readvertise;\n                }\n            }\n        }\n    }\n}\napply-groups [ global member0 ];\nsystem {\n    root-authentication {\n        ssh-rsa "ssh-rsa AAAAB3NzaC1yc2EAAAABIwAAAQEAvh7+9O8tRdDItLjJeHbHJjFGunfG6qup94XSdLh8mce4hyiNlrL0f7jPhg21f9cb2YUII1EyX1O+tUms'
 b'sGm4Sn+GyRM6smHDceEupfqbl58FORgJn100/KXqp1sHX+MFzLMqOT17Fd1TEBYtgHBJISxX4NEbyACpZ0iUp/gVSxWdzUJzAtCQIrYYmPXUktrEQahj82GQQIkp11H+v8jHzd1w++m9WIzajQu5cTE0KwYUWkUOWSqJYpDcI8s9U1OvPVnayXcF/foLOxEAf6UXNU+ITT5WXYWgHDQ+ZXs1S6L/R31gGBZbq2M6/CijGvmyCBZgIW9cSv8/pbx/tr3OHw== root@kvm3.wan-controller.juniper.net"; ## SECRET-DATA\n        ssh-rsa "ssh-rsa AAAAB3NzaC1yc2EAAAABIwAAAYEA4R7yOTRmhY7HFxK1wKL+'
 b'8bqNI5Erj3yL8eVv/6A7/7leANVgYGKEZNUAwxdntq6fNiLZxZpQuOddn+uF2yUlUT6on2Ek2zk7CrHTE4WpUPgM9wkoTTnhixxKnFKYFdDR8xJPku0DbQdQgBL/5SmnPwBzKd27pWr86ybtAQFe6aUJrIpIAoFEQSM3AkRq1G+L2MsUEZMItlZADh6WXAKKBJeDD/XwIYwqxxW06v3d3YVbJiR0DtVz+5A8PfI30EXzqjEROuSUJ5GERMruBlQyS8+QGwEMaULFhfyI8qmO0d5NV82yn215Wiht9vKthLi6NN1zbpzIYOLA1WVr3ZUpd8oIqxDjdMDRsvd5ORp6X1fXycj8bJzVrJFmVbr5X32kqvO96DWlnktJmDJStDF+57rb7gOjwanX'
 b'1YVQSAvjYpNlXpMihHkjwjzJAuvFGelCEfBGz5al09u7wIarLKZ6LHgq6zRSp1KxOWgz7nvan+iSTWIFiacq8OffQdC5/waJ subratam@q-pod13-vmm.englab.juniper.net"; ## SECRET-DATA\n        ssh-rsa "ssh-rsa AAAAB3NzaC1yc2EAAAADAQABAAACAQDQGGMvhjsv+CB/UyqXpisJ0eBiGtltBct0+EZES8vOEGZch+HwKcb/XabcRhFo9NEu8fp3OSJpqpFcl+TP4USYgXmfjj3WsaIGcG8+Y+5HwReKhdajODUzacatCSSAcrybSltxsr5ibpmhj+MtBtFsprC5MLuneDx47iXM+ZrJ0HrkUsrVIlz+d'
 b'ymJcBFFUepd9Cd7ySYZIDbCh2yhWs3Gz1NP6LHf981DUQAI0cKcaUDciNVV3slJQKNn1/nLn+96kSORbC4FTnqs3oA+WNHTy2qD4ey/qzIlRBMVG9MQHjl/4m5JGZeb9jSRJk+HxUlv+ljb/0/2HIdc1Uz9xQcMF4zYA7WdEpvo6nHvr2mOXpt13IqbAZ5aAvA7jNpMCEPUrHLHZBIxzgJkS5cSnJyoW52/UwaZ7JkJ3WCOvt7ukMdpC8cVFwOBArVibVG/5jHYaaMt1ZNWaTwkwrQV6ZnzYEuZkL/pwRkOwAirJSbF4soz1NqlDbU0UkByLzNx2Z8ny/2RJPYg1ERKMee132N2AwN7K8Sd4KJQdrcMQwECHbLNeaEKCyLw2XBBh6DVQh0ZK'
 b'eMcV/qGuOf2i9+s9BHj8GVHKTCeipRUvARviNe8TPlMwrgHeBiUwWK+3ZsNruE1vWQnuv/FGgLwIlKpOpOGgIspK4YpMj1DUoHROuMyIw== srigupta.juniper.net"; ## SECRET-DATA\n        ssh-rsa "ssh-rsa AAAAB3NzaC1yc2EAAAADAQABAAABAQDSkmGy8wgqPYCO696tMjBRMIk3TkWrKHmzEIsQxjUmagqln7i3L/jNfC+BynW5oCNWqjpsk+J0VJLDsMR5D0Nb5qvDc8b8zVvUFBikTsLl/qWOk5jtlCvIZsoXEg2Jz1soJLdrFxHPCTLdmiZUJ8Sznj/Fx1P0VIocyJUv70sFSJHdJ34332FTtb+mBx9Ku'
 b'w2onPwDYGtnoMBRwW9/0yMvv4AicdkmF1SdGKuur8/ZaHB+MpuEJbrPrL4dWTPsdE8tdS0be4xr+RsKECULTTt00qBEqQy8jlxoYL2zbImJDD17e3f19nhGSNBOhxAOT219heKaFgefVN0JxWzEylFZ root@6fb1292a24ca"; ## SECRET-DATA\n        ssh-rsa "ssh-rsa AAAAB3NzaC1yc2EAAAADAQABAAABAQDhnbNslRKzjyPVFW3TOdr/saxny7F/KMADn71QbHr+8Ob57pr426Njp56dFcSfT06e/kZVbpTaL1tXvHTiNqo3oTS2ihv52EXv6mqfJs7NkAFaOvat832DHtbIcORYcfTVM1UZ8gEy27CBp25enrZR'
 b'QsORahsBQDSZXHMYrj82JUBqmHJjQc5KBniWVQKEj3asWOEyWvat4Xcaf3miO7BT5tRmuxBusMdevFNfciiO+FOCo+12J8d9FMeExpTYkSWAc291iLOTnnpP0MIsYLk4SFI/lNhM3HgKlQoBT8Fhbkl6gCsULk4yeTL84JXBlAVqE3c3DMiO9Lcr3QN2SnLF srigupta@juniper.net"; ## SECRET-DATA\n    }\n    login {\n        user northstar {\n            uid 2004;\n            class super-user;\n            authentication {\n                encrypted-passwor'
 b'd "$6$aG8JZB0G$hg45fUk9DIXlNVMtKY/eyjPqBen0e4ji/ILu8IbrbbFvXykAulKLrcrQhcaXufU8emwqcQCZKlcc./DBq14UM1"; ## SECRET-DATA\n                ssh-rsa "ssh-rsa AAAAB3NzaC1yc2EAAAABIwAAAYEA4R7yOTRmhY7HFxK1wKL+8bqNI5Erj3yL8eVv/6A7/7leANVgYGKEZNUAwxdntq6fNiLZxZpQuOddn+uF2yUlUT6on2Ek2zk7CrHTE4WpUPgM9wkoTTnhixxKnFKYFdDR8xJPku0DbQdQgBL/5SmnPwBzKd27pWr86ybtAQFe6aUJrIpIAoFEQSM3AkRq1G+L2MsUEZMItlZADh6WXAKK'
 b'BJeDD/XwIYwqxxW06v3d3YVbJiR0DtVz+5A8PfI30EXzqjEROuSUJ5GERMruBlQyS8+QGwEMaULFhfyI8qmO0d5NV82yn215Wiht9vKthLi6NN1zbpzIYOLA1WVr3ZUpd8oIqxDjdMDRsvd5ORp6X1fXycj8bJzVrJFmVbr5X32kqvO96DWlnktJmDJStDF+57rb7gOjwanX1YVQSAvjYpNlXpMihHkjwjzJAuvFGelCEfBGz5al09u7wIarLKZ6LHgq6zRSp1KxOWgz7nvan+iSTWIFiacq8OffQdC5/waJ subratam@q-pod13-vmm.englab.juniper.net"; ## SECRET-DATA\n                ssh-rsa "ssh-rsa A'
 b'AAAB3NzaC1yc2EAAAABIwAAAQEAvh7+9O8tRdDItLjJeHbHJjFGunfG6qup94XSdLh8mce4hyiNlrL0f7jPhg21f9cb2YUII1EyX1O+tUmssGm4Sn+GyRM6smHDceEupfqbl58FORgJn100/KXqp1sHX+MFzLMqOT17Fd1TEBYtgHBJISxX4NEbyACpZ0iUp/gVSxWdzUJzAtCQIrYYmPXUktrEQahj82GQQIkp11H+v8jHzd1w++m9WIzajQu5cTE0KwYUWkUOWSqJYpDcI8s9U1OvPVnayXcF/foLOxEAf6UXNU+ITT5WXYWgHDQ+ZXs1S6L/R31gGBZbq2M6/CijGvmyCBZgIW9cSv8/pbx/tr3OHw== root@kvm3.wan-controller'
 b'.juniper.net"; ## SECRET-DATA\n                ssh-rsa "ssh-rsa AAAAB3NzaC1yc2EAAAADAQABAAABAQDQJFhw1NvFT9bqgtWqfEM/GDt8dMIPyuQPGfVW86Wo7eWBILhwCi20fU7te2wQB/rN4SGuw8+FgKvkDclGOYhhNchQ/Wyx5ktrDbyL/TrNMkkQBQRsyvlVpVsqTyFWHinubZEDx/5Q+Segk9Z56X3MCW8mXjCPBZaUzsC9Qgx8Phx9vg/4QmbWcLhSrX4RcAhvNNtUf6OD08UxKG8PkpbfRc1OaeCB8ygQTnEm9/oSmp6p+sun6Wc41fmbyxqYSOCVP6Wd8TYFKNqdRvDI9oPnKmhBjB4f5RsSbIK0oBAt7'
 b'RbgBFIRaPhiibVwJnvmOIayTSWUwIbLy5FB/qW5Edax subratam@subratam-mbp15"; ## SECRET-DATA\n                ssh-rsa "ssh-rsa AAAAB3NzaC1yc2EAAAADAQABAAACAQDQGGMvhjsv+CB/UyqXpisJ0eBiGtltBct0+EZES8vOEGZch+HwKcb/XabcRhFo9NEu8fp3OSJpqpFcl+TP4USYgXmfjj3WsaIGcG8+Y+5HwReKhdajODUzacatCSSAcrybSltxsr5ibpmhj+MtBtFsprC5MLuneDx47iXM+ZrJ0HrkUsrVIlz+dymJcBFFUepd9Cd7ySYZIDbCh2yhWs3Gz1NP6LHf981DUQAI0cKcaUDciNVV3s'
 b'lJQKNn1/nLn+96kSORbC4FTnqs3oA+WNHTy2qD4ey/qzIlRBMVG9MQHjl/4m5JGZeb9jSRJk+HxUlv+ljb/0/2HIdc1Uz9xQcMF4zYA7WdEpvo6nHvr2mOXpt13IqbAZ5aAvA7jNpMCEPUrHLHZBIxzgJkS5cSnJyoW52/UwaZ7JkJ3WCOvt7ukMdpC8cVFwOBArVibVG/5jHYaaMt1ZNWaTwkwrQV6ZnzYEuZkL/pwRkOwAirJSbF4soz1NqlDbU0UkByLzNx2Z8ny/2RJPYg1ERKMee132N2AwN7K8Sd4KJQdrcMQwECHbLNeaEKCyLw2XBBh6DVQh0ZKeMcV/qGuOf2i9+s9BHj8GVHKTCeipRUvARviNe8TPlMwrgHeBiUwWK+3ZsNru'
 b'E1vWQnuv/FGgLwIlKpOpOGgIspK4YpMj1DUoHROuMyIw== srigupta.juniper.net"; ## SECRET-DATA\n                ssh-rsa "ssh-rsa AAAAB3NzaC1yc2EAAAADAQABAAABAQDhnbNslRKzjyPVFW3TOdr/saxny7F/KMADn71QbHr+8Ob57pr426Njp56dFcSfT06e/kZVbpTaL1tXvHTiNqo3oTS2ihv52EXv6mqfJs7NkAFaOvat832DHtbIcORYcfTVM1UZ8gEy27CBp25enrZRQsORahsBQDSZXHMYrj82JUBqmHJjQc5KBniWVQKEj3asWOEyWvat4Xcaf3miO7BT5tRmuxBusMdevFNfciiO+FOCo+12J8'
 b'd9FMeExpTYkSWAc291iLOTnnpP0MIsYLk4SFI/lNhM3HgKlQoBT8Fhbkl6gCsULk4yeTL84JXBlAVqE3c3DMiO9Lcr3QN2SnLF srigupta@juniper.net"; ## SECRET-DATA\n            }\n        }\n        user regress {\n            authentication {\n                ssh-rsa "ssh-rsa AAAAB3NzaC1yc2EAAAABIwAAAQEA9DV9TWcJG3ldN2yKKiFKTsrY1pcgApHATfb7qdJbJXKKT8aztQ95H/vDyi3x35hjkC1y8e7s7MUJxQZ92OFUGvzsWkkbgGfQPr0GPhcIQjkc2zLzC9'
 b'SVhih+n2zvPCTkNbxtCbUnwVMoWU63LbnNPFOYJ8PTn1/6QeNqCPCzIQOg+qAvOAmkPGtLLBerD+2yaovzbZXKFZ0I4IZk/KmVuZgBJpjq0Nqir8SistvCa0V/BCF3yIhqSiPSpShQnuUFtJmZz+zZ6bTS+0q80Iq6TrjuoTtvI0jHVnWxx2WazYyQSqHSVVn3EZYb5ZDVpAaNzwqP1vg1vvHDkrvwUvWB/Q== rbu-devtest-northstar-user01@q-pod03-vmm.englab.juniper.net"; ## SECRET-DATA\n                ssh-rsa "ssh-rsa AAAAB3NzaC1yc2EAAAABIwAAAQEAvh7+9O8tRdDItLjJeHbHJjF'
 b'GunfG6qup94XSdLh8mce4hyiNlrL0f7jPhg21f9cb2YUII1EyX1O+tUmssGm4Sn+GyRM6smHDceEupfqbl58FORgJn100/KXqp1sHX+MFzLMqOT17Fd1TEBYtgHBJISxX4NEbyACpZ0iUp/gVSxWdzUJzAtCQIrYYmPXUktrEQahj82GQQIkp11H+v8jHzd1w++m9WIzajQu5cTE0KwYUWkUOWSqJYpDcI8s9U1OvPVnayXcF/foLOxEAf6UXNU+ITT5WXYWgHDQ+ZXs1S6L/R31gGBZbq2M6/CijGvmyCBZgIW9cSv8/pbx/tr3OHw== root@kvm3.wan-controller.juniper.net"; ## SECRET-DATA\n                '
 b'ssh-rsa "ssh-rsa AAAAB3NzaC1yc2EAAAABIwAAAYEA4R7yOTRmhY7HFxK1wKL+8bqNI5Erj3yL8eVv/6A7/7leANVgYGKEZNUAwxdntq6fNiLZxZpQuOddn+uF2yUlUT6on2Ek2zk7CrHTE4WpUPgM9wkoTTnhixxKnFKYFdDR8xJPku0DbQdQgBL/5SmnPwBzKd27pWr86ybtAQFe6aUJrIpIAoFEQSM3AkRq1G+L2MsUEZMItlZADh6WXAKKBJeDD/XwIYwqxxW06v3d3YVbJiR0DtVz+5A8PfI30EXzqjEROuSUJ5GERMruBlQyS8+QGwEMaULFhfyI8qmO0d5NV82yn215Wiht9vKthLi6NN1zbpzIYOLA1WVr3ZUpd8oIqxDjdMD'
 b'Rsvd5ORp6X1fXycj8bJzVrJFmVbr5X32kqvO96DWlnktJmDJStDF+57rb7gOjwanX1YVQSAvjYpNlXpMihHkjwjzJAuvFGelCEfBGz5al09u7wIarLKZ6LHgq6zRSp1KxOWgz7nvan+iSTWIFiacq8OffQdC5/waJ subratam@q-pod13-vmm.englab.juniper.net"; ## SECRET-DATA\n            }\n        }\n    }\n    services {\n        netconf {\n            ssh;\n        }\n    }\n    ports {\n        console log-out-on-disconnect;\n    }\n    syslog {'
 b'\n        host 172.16.18.1 {\n            daemon info;\n            port 1514;\n            match-strings RPM_TEST_RESULTS;\n        }\n    }\n}\nchassis {\n    network-services enhanced-ip;\n}\nservices {\n    analytics {\n        streaming-server ns-ifd {\n            remote-address 172.16.18.1;\n            remote-port 2000;\n        }\n        streaming-server ns-ifl {\n            remot'
 b'e-address 172.16.18.1;\n            remote-port 2001;\n        }\n        streaming-server ns-lsp {\n            remote-address 172.16.18.1;\n            remote-port 2002;\n        }\n        export-profile ns {\n            local-address 11.0.0.107;\n            reporting-rate 30;\n            format gpb;\n            transport udp;\n        }\n        sensor ifd {\n            server-name '
 b'ns-ifd;\n            export-name ns;\n            resource /junos/system/linecard/interface/;\n        }\n        sensor ifl {\n            server-name ns-ifl;\n            export-name ns;\n            resource /junos/system/linecard/interface/logical/usage/;\n        }\n        sensor lsp {\n            server-name ns-lsp;\n            export-name ns;\n            resource /junos/services/lab'
 b'el-switched-path/usage/;\n        }\n    }\n    rpm {\n        probe northstar-ifl {\n            test ge-0/0/5.0 {\n                probe-type icmp-ping-timestamp;\n                target address 11.105.107.1;\n                probe-count 15;\n                probe-interval 1;\n                test-interval 20;\n                source-address 11.105.107.2;\n                history-size 51'
 b'2;\n                moving-average-size 60;\n                traps test-completion;\n                destination-interface ge-0/0/5.0;\n                one-way-hardware-timestamp;\n            }\n            test ge-0/0/7.0 {\n                probe-type icmp-ping-timestamp;\n                target address 11.106.107.1;\n                probe-count 15;\n                probe-interval 1;\n     '
 b'           test-interval 20;\n                source-address 11.106.107.2;\n                history-size 512;\n                moving-average-size 60;\n                traps test-completion;\n                destination-interface ge-0/0/7.0;\n                one-way-hardware-timestamp;\n            }\n            test ge-0/1/9.0 {\n                probe-type icmp-ping-timestamp;\n           '
 b'     target address 11.104.107.1;\n                probe-count 15;\n                probe-interval 1;\n                test-interval 20;\n                source-address 11.104.107.2;\n                history-size 512;\n                moving-average-size 60;\n                traps test-completion;\n                destination-interface ge-0/1/9.0;\n                one-way-hardware-timestamp'
 b';\n            }\n            test ge-0/1/8.0 {\n                probe-type icmp-ping-timestamp;\n                target address 11.103.107.1;\n                probe-count 15;\n                probe-interval 1;\n                test-interval 20;\n                source-address 11.103.107.2;\n                history-size 512;\n                moving-average-size 60;\n                traps test'
 b'-completion;\n                destination-interface ge-0/1/8.0;\n                one-way-hardware-timestamp;\n            }\n        }\n    }\n}\ninterfaces {\n    ge-0/0/5 {\n        speed 10m;\n        unit 0 {\n            family inet {\n                address 11.105.107.2/30;\n            }\n            family iso;\n            family mpls {\n                maximum-labels 4;\n        '
 b'    }\n        }\n    }\n    ge-0/0/7 {\n        speed 10m;\n        unit 0 {\n            family inet {\n                address 11.106.107.2/30;\n            }\n            family iso;\n            family mpls {\n                maximum-labels 4;\n            }\n        }\n    }\n    ge-0/0/8 {\n        unit 0 {\n            family inet {\n                address 172.16.18.107/24;\n        '
 b'    }\n        }\n    }\n    inactive: ge-0/0/9 {\n        unit 0 {\n            family inet {\n                address 172.16.27.107/24;\n            }\n        }\n    }\n    ge-0/1/5 {\n        unit 0 {\n            family inet {\n                address 172.16.27.107/24;\n            }\n        }\n    }\n    ge-0/1/8 {\n        flexible-vlan-tagging;\n        speed 10m;\n        encapsulati'
 b'on flexible-ethernet-services;\n        unit 0 {\n            vlan-id 0;\n            family inet {\n                address 11.103.107.2/30;\n            }\n            family iso;\n            family mpls {\n                maximum-labels 4;\n            }\n        }\n        unit 200 {\n            vlan-id 200;\n            family inet {\n                address 200.0.0.7/24;\n            '
 b'}\n        }\n        unit 301 {\n            vlan-id 301;\n            family inet {\n                address 31.0.0.7/24;\n            }\n        }\n    }\n    ge-0/1/9 {\n        speed 10m;\n        unit 0 {\n            family inet {\n                address 11.104.107.2/30;\n            }\n            family iso;\n            family mpls {\n                maximum-labels 4;\n           '
 b' }\n        }\n    }\n    lo0 {\n        unit 0 {\n            family inet {\n                address 11.0.0.107/32;\n                address 11.0.101.107/32;\n                address 11.0.103.107/32;\n                address 11.0.104.107/32;\n                address 11.0.105.107/32;\n                address 11.0.102.107/32;\n                address 11.0.106.107/32;\n                address'
 b' 11.255.101.107/32;\n                address 11.255.102.107/32;\n                address 11.255.103.107/32;\n                address 11.255.104.107/32;\n                address 11.255.105.107/32;\n                address 11.255.106.107/32;\n            }\n            family iso {\n                address 49.0011.0110.0000.0107.00;\n            }\n            family mpls;\n        }\n    }\n'
 b'}\nevent-options {\n    event-script {\n        file rpm-log.slax;\n    }\n}\npolicy-options {\n    policy-statement direct {\n        from {\n            protocol direct;\n            route-filter 11.255.0.0/16 orlonger;\n        }\n        then accept;\n    }\n    policy-statement load-balancing-policy {\n        then {\n            load-balance per-packet;\n            accept;\n        }\n'
 b'    }\n    policy-statement set-preference {\n        from {\n            route-filter 11.255.0.0/16 orlonger;\n        }\n        then {\n            preference 5;\n            accept;\n        }\n    }\n}\nrouting-instances {\n    etree_1_ce_103 {\n        instance-type virtual-router;\n        interface ge-0/1/8.301;\n    }\n    vpn_200_ce_103 {\n        instance-type virtual-router;\n   '
 b'     interface ge-0/1/8.200;\n    }\n}\nrouting-options {\n    srlg {\n        srlg-100 {\n            srlg-value 100;\n            srlg-cost 50;\n        }\n        srlg-407 {\n            srlg-value 407;\n            srlg-cost 50;\n        }\n    }\n    forwarding-table {\n        export load-balancing-policy;\n    }\n    router-id 11.0.0.107;\n    autonomous-system 11;\n}\nprotocols {\n '
 b'   isis {\n        source-packet-routing {\n            srgb start-label 1000 index-range 32;\n            node-segment {\n                ipv4-index 7;\n                ipv6-index 17;\n            }\n        }\n        level 1 disable;\n        level 2 wide-metrics-only;\n        interface ge-0/0/7.0 {\n            point-to-point;\n            level 2 metric 30;\n        }\n        interfac'
 b'e ge-0/1/5.0 {\n            passive;\n        }\n        interface all {\n            point-to-point;\n            level 2 metric 10;\n            level 1 disable;\n        }\n        interface fxp0.0 {\n            disable;\n        }\n        interface lo0.0 {\n            passive;\n        }\n    }\n    rsvp {\n        interface all {\n            bandwidth 10m;\n            link-protecti'
 b'on;\n        }\n        interface fxp0.0 {\n            disable;\n        }\n        interface ge-0/1/8.0 {\n            bandwidth 10m;\n            link-protection;\n        }\n    }\n    mpls {\n        lsp-external-controller pccd {\n            label-switched-path-template {\n                pccd_default_template;\n            }\n            pce-controlled-lsp PCS-AUTOBW-* {\n             '
 b'   label-switched-path-template {\n                    AUTOBW-template;\n                }\n            }\n            pce-controlled-lsp PCS-LP-* {\n                label-switched-path-template {\n                    LP-template;\n                }\n            }\n            pce-controlled-lsp PCS-NLP-* {\n                label-switched-path-template {\n                    NLP-template;\n   '
 b'             }\n            }\n            pce-controlled-lsp PCS-LFA-* {\n                label-switched-path-template {\n                    LFA-template;\n                }\n            }\n        }\n        statistics {\n            file lsp.stat size 5m files 2;\n            interval 10;\n            auto-bandwidth;\n        }\n        admin-groups {\n            blue 1;\n            red'
 b' 2;\n        }\n        sensor-based-stats;\n        icmp-tunneling;\n        label-switched-path pccd_default_template {\n            template;\n            adaptive;\n        }\n        label-switched-path AUTOBW-template {\n            template;\n            link-protection;\n            adaptive;\n            auto-bandwidth {\n                adjust-interval 300;\n                adjust-'
 b'threshold 0;\n                minimum-bandwidth 100k;\n            }\n        }\n        label-switched-path LP-template {\n            template;\n            link-protection;\n            adaptive;\n        }\n        label-switched-path NLP-template {\n            template;\n            node-link-protection;\n            adaptive;\n        }\n        label-switched-path LFA-template {\n    '
 b'        backup;\n            template;\n            adaptive;\n        }\n        label-switched-path rsvp-107-105 {\n            to 11.0.0.105;\n        }\n        interface all;\n        interface fxp0.0 {\n            disable;\n        }\n        interface ge-0/1/9.0 {\n            srlg srlg-407;\n            admin-group [ blue red ];\n        }\n        interface ge-0/1/8.0 {\n            '
 b'admin-group [ blue red ];\n        }\n        interface ge-0/0/7.0 {\n            admin-group [ blue red ];\n        }\n        interface ge-0/0/5.0 {\n            admin-group red;\n        }\n    }\n    source-packet-routing {\n        lsp-external-controller pccd;\n    }\n    bgp {\n        group core {\n            type internal;\n            local-address 11.0.0.107;\n            import se'
 b't-preference;\n            family inet {\n                unicast;\n            }\n            family inet-vpn {\n                unicast;\n            }\n            family l2vpn {\n                signaling;\n            }\n            export direct;\n            neighbor 11.0.0.101;\n            neighbor 11.0.0.102;\n            neighbor 11.0.0.104;\n            neighbor 11.0.0.105;\n     '
 b'       neighbor 11.0.0.106;\n            neighbor 11.0.0.103;\n        }\n    }\n    lldp {\n        interface all;\n    }\n    pcep {\n        pce ns1 {\n            destination-ipv4-address 172.16.18.1;\n            destination-port 4189;\n            pce-type active stateful;\n            lsp-provisioning;\n            p2mp-lsp-report-capability;\n            p2mp-lsp-update-capability;\n '
 b'           p2mp-lsp-init-capability;\n            lsp-cleanup-timer 10;\n            spring-capability;\n            delegation-cleanup-timeout 10;\n        }\n    }\n}\n&lt;/configuration-output&gt;&lt;/configuration-information&gt;')</msg>
<status status="PASS" starttime="20200521 01:02:13.451" endtime="20200521 01:02:13.639"></status>
</kw>
<msg timestamp="20200521 01:02:13.639" level="TRACE">Return: (b'&lt;configuration-information&gt;&lt;configuration-output&gt;\n## Last commit: 2020-05-11 15:54:57 PDT by northstar\nversion 20190517.030718_builder.r1028173;\ngroups {\n    member0 {\n        system {\n            host-name vmx107;\n            backup-router 10.102.175.254;\n        }\n        interfaces {\n            fxp0 {\n                unit 0 {\n                    family inet {\n              '
 b'          address 10.102.164.218/20;\n                    }\n                }\n            }\n        }\n    }\n    global {\n        system {\n            root-authentication {\n                encrypted-password "$1$ZUlES4dp$OUwWo1g7cLoV/aMWpHUnC/"; ## SECRET-DATA\n            }\n            login {\n                class wheel {\n                    permissions snmp;\n                }\n '
 b'               user regress {\n                    uid 928;\n                    class superuser;\n                    shell csh;\n                    authentication {\n                        encrypted-password "$1$kPU..$w.4FGRAGanJ8U4Yq6sbj7."; ## SECRET-DATA\n                    }\n                }\n                user remote {\n                    uid 2000;\n                    class s'
 b'uper-user;\n                }\n            }\n            services {\n                finger;\n                ftp;\n                rlogin;\n                ssh {\n                    root-login allow;\n                }\n                telnet;\n                xnm-clear-text;\n            }\n            domain-name englab.juniper.net;\n            domain-search [ englab.juniper.net junipe'
 b'r.net jnpr.net spglab.juniper.net ];\n            time-zone America/Los_Angeles;\n            debugger-on-break;\n            dump-on-panic;\n            authentication-order [ password radius ];\n            name-server {\n                10.102.149.51;\n                10.102.149.52;\n            }\n            radius-server {\n                192.168.69.162 secret "$9$iHfz9Cu0BRQznCApIRSr'
 b'eWxNVw2GjkKM4JGimP"; ## SECRET-DATA\n                192.168.64.10 secret "$9$TQ/t1IcSrKAt0IRheK8X7VYgaZDm5zNdiqmTn6"; ## SECRET-DATA\n                192.168.4.240 secret "$9$GqUqf3nCApOPfQn690ORhSeWL7-boZDylsgoGHk"; ## SECRET-DATA\n            }\n            syslog {\n                host log {\n                    kernel info;\n                    any notice;\n                    pfe in'
 b'fo;\n                    interactive-commands any;\n                }\n                file messages {\n                    kernel info;\n                    any notice;\n                    authorization info;\n                    pfe info;\n                    archive world-readable;\n                }\n                file security {\n                    interactive-commands any;\n         '
 b'           archive world-readable;\n                }\n            }\n            processes {\n                routing enable;\n                ntp enable;\n                management enable;\n                watchdog enable;\n                snmp enable;\n                inet-process enable;\n                mib-process enable;\n            }\n            ntp {\n                boot-server'
 b' 172.21.200.60;\n                server 172.21.200.60;\n                server 172.29.131.60;\n                server 172.29.135.60;\n            }\n        }\n        chassis {\n            dump-on-panic;\n        }\n        snmp {\n            location "Systest lab";\n            contact "Jay Lloyd";\n            community public {\n                authorization read-only;\n            }\n '
 b'           community private {\n                authorization read-write;\n            }\n        }\n        routing-options {\n            static {\n                /* corperate and alpha net */\n                route 172.16.0.0/12 {\n                    next-hop 10.102.175.254;\n                    retain;\n                    no-readvertise;\n                }\n                /* eng lab ne'
 b'ts */\n                route 192.168.0.0/16 {\n                    next-hop 10.102.175.254;\n                    retain;\n                    no-readvertise;\n                }\n                route 10.0.0.0/8 {\n                    next-hop 10.102.175.254;\n                    retain;\n                    no-readvertise;\n                }\n                /* ntp server */\n                r'
 b'oute 66.129.255.62/32 {\n                    next-hop 10.102.175.254;\n                    retain;\n                    no-readvertise;\n                }\n            }\n        }\n    }\n}\napply-groups [ global member0 ];\nsystem {\n    root-authentication {\n        ssh-rsa "ssh-rsa AAAAB3NzaC1yc2EAAAABIwAAAQEAvh7+9O8tRdDItLjJeHbHJjFGunfG6qup94XSdLh8mce4hyiNlrL0f7jPhg21f9cb2YUII1EyX1O+tUms'
 b'sGm4Sn+GyRM6smHDceEupfqbl58FORgJn100/KXqp1sHX+MFzLMqOT17Fd1TEBYtgHBJISxX4NEbyACpZ0iUp/gVSxWdzUJzAtCQIrYYmPXUktrEQahj82GQQIkp11H+v8jHzd1w++m9WIzajQu5cTE0KwYUWkUOWSqJYpDcI8s9U1OvPVnayXcF/foLOxEAf6UXNU+ITT5WXYWgHDQ+ZXs1S6L/R31gGBZbq2M6/CijGvmyCBZgIW9cSv8/pbx/tr3OHw== root@kvm3.wan-controller.juniper.net"; ## SECRET-DATA\n        ssh-rsa "ssh-rsa AAAAB3NzaC1yc2EAAAABIwAAAYEA4R7yOTRmhY7HFxK1wKL+'
 b'8bqNI5Erj3yL8eVv/6A7/7leANVgYGKEZNUAwxdntq6fNiLZxZpQuOddn+uF2yUlUT6on2Ek2zk7CrHTE4WpUPgM9wkoTTnhixxKnFKYFdDR8xJPku0DbQdQgBL/5SmnPwBzKd27pWr86ybtAQFe6aUJrIpIAoFEQSM3AkRq1G+L2MsUEZMItlZADh6WXAKKBJeDD/XwIYwqxxW06v3d3YVbJiR0DtVz+5A8PfI30EXzqjEROuSUJ5GERMruBlQyS8+QGwEMaULFhfyI8qmO0d5NV82yn215Wiht9vKthLi6NN1zbpzIYOLA1WVr3ZUpd8oIqxDjdMDRsvd5ORp6X1fXycj8bJzVrJFmVbr5X32kqvO96DWlnktJmDJStDF+57rb7gOjwanX'
 b'1YVQSAvjYpNlXpMihHkjwjzJAuvFGelCEfBGz5al09u7wIarLKZ6LHgq6zRSp1KxOWgz7nvan+iSTWIFiacq8OffQdC5/waJ subratam@q-pod13-vmm.englab.juniper.net"; ## SECRET-DATA\n        ssh-rsa "ssh-rsa AAAAB3NzaC1yc2EAAAADAQABAAACAQDQGGMvhjsv+CB/UyqXpisJ0eBiGtltBct0+EZES8vOEGZch+HwKcb/XabcRhFo9NEu8fp3OSJpqpFcl+TP4USYgXmfjj3WsaIGcG8+Y+5HwReKhdajODUzacatCSSAcrybSltxsr5ibpmhj+MtBtFsprC5MLuneDx47iXM+ZrJ0HrkUsrVIlz+d'
 b'ymJcBFFUepd9Cd7ySYZIDbCh2yhWs3Gz1NP6LHf981DUQAI0cKcaUDciNVV3slJQKNn1/nLn+96kSORbC4FTnqs3oA+WNHTy2qD4ey/qzIlRBMVG9MQHjl/4m5JGZeb9jSRJk+HxUlv+ljb/0/2HIdc1Uz9xQcMF4zYA7WdEpvo6nHvr2mOXpt13IqbAZ5aAvA7jNpMCEPUrHLHZBIxzgJkS5cSnJyoW52/UwaZ7JkJ3WCOvt7ukMdpC8cVFwOBArVibVG/5jHYaaMt1ZNWaTwkwrQV6ZnzYEuZkL/pwRkOwAirJSbF4soz1NqlDbU0UkByLzNx2Z8ny/2RJPYg1ERKMee132N2AwN7K8Sd4KJQdrcMQwECHbLNeaEKCyLw2XBBh6DVQh0ZK'
 b'eMcV/qGuOf2i9+s9BHj8GVHKTCeipRUvARviNe8TPlMwrgHeBiUwWK+3ZsNruE1vWQnuv/FGgLwIlKpOpOGgIspK4YpMj1DUoHROuMyIw== srigupta.juniper.net"; ## SECRET-DATA\n        ssh-rsa "ssh-rsa AAAAB3NzaC1yc2EAAAADAQABAAABAQDSkmGy8wgqPYCO696tMjBRMIk3TkWrKHmzEIsQxjUmagqln7i3L/jNfC+BynW5oCNWqjpsk+J0VJLDsMR5D0Nb5qvDc8b8zVvUFBikTsLl/qWOk5jtlCvIZsoXEg2Jz1soJLdrFxHPCTLdmiZUJ8Sznj/Fx1P0VIocyJUv70sFSJHdJ34332FTtb+mBx9Ku'
 b'w2onPwDYGtnoMBRwW9/0yMvv4AicdkmF1SdGKuur8/ZaHB+MpuEJbrPrL4dWTPsdE8tdS0be4xr+RsKECULTTt00qBEqQy8jlxoYL2zbImJDD17e3f19nhGSNBOhxAOT219heKaFgefVN0JxWzEylFZ root@6fb1292a24ca"; ## SECRET-DATA\n        ssh-rsa "ssh-rsa AAAAB3NzaC1yc2EAAAADAQABAAABAQDhnbNslRKzjyPVFW3TOdr/saxny7F/KMADn71QbHr+8Ob57pr426Njp56dFcSfT06e/kZVbpTaL1tXvHTiNqo3oTS2ihv52EXv6mqfJs7NkAFaOvat832DHtbIcORYcfTVM1UZ8gEy27CBp25enrZR'
 b'QsORahsBQDSZXHMYrj82JUBqmHJjQc5KBniWVQKEj3asWOEyWvat4Xcaf3miO7BT5tRmuxBusMdevFNfciiO+FOCo+12J8d9FMeExpTYkSWAc291iLOTnnpP0MIsYLk4SFI/lNhM3HgKlQoBT8Fhbkl6gCsULk4yeTL84JXBlAVqE3c3DMiO9Lcr3QN2SnLF srigupta@juniper.net"; ## SECRET-DATA\n    }\n    login {\n        user northstar {\n            uid 2004;\n            class super-user;\n            authentication {\n                encrypted-passwor'
 b'd "$6$aG8JZB0G$hg45fUk9DIXlNVMtKY/eyjPqBen0e4ji/ILu8IbrbbFvXykAulKLrcrQhcaXufU8emwqcQCZKlcc./DBq14UM1"; ## SECRET-DATA\n                ssh-rsa "ssh-rsa AAAAB3NzaC1yc2EAAAABIwAAAYEA4R7yOTRmhY7HFxK1wKL+8bqNI5Erj3yL8eVv/6A7/7leANVgYGKEZNUAwxdntq6fNiLZxZpQuOddn+uF2yUlUT6on2Ek2zk7CrHTE4WpUPgM9wkoTTnhixxKnFKYFdDR8xJPku0DbQdQgBL/5SmnPwBzKd27pWr86ybtAQFe6aUJrIpIAoFEQSM3AkRq1G+L2MsUEZMItlZADh6WXAKK'
 b'BJeDD/XwIYwqxxW06v3d3YVbJiR0DtVz+5A8PfI30EXzqjEROuSUJ5GERMruBlQyS8+QGwEMaULFhfyI8qmO0d5NV82yn215Wiht9vKthLi6NN1zbpzIYOLA1WVr3ZUpd8oIqxDjdMDRsvd5ORp6X1fXycj8bJzVrJFmVbr5X32kqvO96DWlnktJmDJStDF+57rb7gOjwanX1YVQSAvjYpNlXpMihHkjwjzJAuvFGelCEfBGz5al09u7wIarLKZ6LHgq6zRSp1KxOWgz7nvan+iSTWIFiacq8OffQdC5/waJ subratam@q-pod13-vmm.englab.juniper.net"; ## SECRET-DATA\n                ssh-rsa "ssh-rsa A'
 b'AAAB3NzaC1yc2EAAAABIwAAAQEAvh7+9O8tRdDItLjJeHbHJjFGunfG6qup94XSdLh8mce4hyiNlrL0f7jPhg21f9cb2YUII1EyX1O+tUmssGm4Sn+GyRM6smHDceEupfqbl58FORgJn100/KXqp1sHX+MFzLMqOT17Fd1TEBYtgHBJISxX4NEbyACpZ0iUp/gVSxWdzUJzAtCQIrYYmPXUktrEQahj82GQQIkp11H+v8jHzd1w++m9WIzajQu5cTE0KwYUWkUOWSqJYpDcI8s9U1OvPVnayXcF/foLOxEAf6UXNU+ITT5WXYWgHDQ+ZXs1S6L/R31gGBZbq2M6/CijGvmyCBZgIW9cSv8/pbx/tr3OHw== root@kvm3.wan-controller'
 b'.juniper.net"; ## SECRET-DATA\n                ssh-rsa "ssh-rsa AAAAB3NzaC1yc2EAAAADAQABAAABAQDQJFhw1NvFT9bqgtWqfEM/GDt8dMIPyuQPGfVW86Wo7eWBILhwCi20fU7te2wQB/rN4SGuw8+FgKvkDclGOYhhNchQ/Wyx5ktrDbyL/TrNMkkQBQRsyvlVpVsqTyFWHinubZEDx/5Q+Segk9Z56X3MCW8mXjCPBZaUzsC9Qgx8Phx9vg/4QmbWcLhSrX4RcAhvNNtUf6OD08UxKG8PkpbfRc1OaeCB8ygQTnEm9/oSmp6p+sun6Wc41fmbyxqYSOCVP6Wd8TYFKNqdRvDI9oPnKmhBjB4f5RsSbIK0oBAt7'
 b'RbgBFIRaPhiibVwJnvmOIayTSWUwIbLy5FB/qW5Edax subratam@subratam-mbp15"; ## SECRET-DATA\n                ssh-rsa "ssh-rsa AAAAB3NzaC1yc2EAAAADAQABAAACAQDQGGMvhjsv+CB/UyqXpisJ0eBiGtltBct0+EZES8vOEGZch+HwKcb/XabcRhFo9NEu8fp3OSJpqpFcl+TP4USYgXmfjj3WsaIGcG8+Y+5HwReKhdajODUzacatCSSAcrybSltxsr5ibpmhj+MtBtFsprC5MLuneDx47iXM+ZrJ0HrkUsrVIlz+dymJcBFFUepd9Cd7ySYZIDbCh2yhWs3Gz1NP6LHf981DUQAI0cKcaUDciNVV3s'
 b'lJQKNn1/nLn+96kSORbC4FTnqs3oA+WNHTy2qD4ey/qzIlRBMVG9MQHjl/4m5JGZeb9jSRJk+HxUlv+ljb/0/2HIdc1Uz9xQcMF4zYA7WdEpvo6nHvr2mOXpt13IqbAZ5aAvA7jNpMCEPUrHLHZBIxzgJkS5cSnJyoW52/UwaZ7JkJ3WCOvt7ukMdpC8cVFwOBArVibVG/5jHYaaMt1ZNWaTwkwrQV6ZnzYEuZkL/pwRkOwAirJSbF4soz1NqlDbU0UkByLzNx2Z8ny/2RJPYg1ERKMee132N2AwN7K8Sd4KJQdrcMQwECHbLNeaEKCyLw2XBBh6DVQh0ZKeMcV/qGuOf2i9+s9BHj8GVHKTCeipRUvARviNe8TPlMwrgHeBiUwWK+3ZsNru'
 b'E1vWQnuv/FGgLwIlKpOpOGgIspK4YpMj1DUoHROuMyIw== srigupta.juniper.net"; ## SECRET-DATA\n                ssh-rsa "ssh-rsa AAAAB3NzaC1yc2EAAAADAQABAAABAQDhnbNslRKzjyPVFW3TOdr/saxny7F/KMADn71QbHr+8Ob57pr426Njp56dFcSfT06e/kZVbpTaL1tXvHTiNqo3oTS2ihv52EXv6mqfJs7NkAFaOvat832DHtbIcORYcfTVM1UZ8gEy27CBp25enrZRQsORahsBQDSZXHMYrj82JUBqmHJjQc5KBniWVQKEj3asWOEyWvat4Xcaf3miO7BT5tRmuxBusMdevFNfciiO+FOCo+12J8'
 b'd9FMeExpTYkSWAc291iLOTnnpP0MIsYLk4SFI/lNhM3HgKlQoBT8Fhbkl6gCsULk4yeTL84JXBlAVqE3c3DMiO9Lcr3QN2SnLF srigupta@juniper.net"; ## SECRET-DATA\n            }\n        }\n        user regress {\n            authentication {\n                ssh-rsa "ssh-rsa AAAAB3NzaC1yc2EAAAABIwAAAQEA9DV9TWcJG3ldN2yKKiFKTsrY1pcgApHATfb7qdJbJXKKT8aztQ95H/vDyi3x35hjkC1y8e7s7MUJxQZ92OFUGvzsWkkbgGfQPr0GPhcIQjkc2zLzC9'
 b'SVhih+n2zvPCTkNbxtCbUnwVMoWU63LbnNPFOYJ8PTn1/6QeNqCPCzIQOg+qAvOAmkPGtLLBerD+2yaovzbZXKFZ0I4IZk/KmVuZgBJpjq0Nqir8SistvCa0V/BCF3yIhqSiPSpShQnuUFtJmZz+zZ6bTS+0q80Iq6TrjuoTtvI0jHVnWxx2WazYyQSqHSVVn3EZYb5ZDVpAaNzwqP1vg1vvHDkrvwUvWB/Q== rbu-devtest-northstar-user01@q-pod03-vmm.englab.juniper.net"; ## SECRET-DATA\n                ssh-rsa "ssh-rsa AAAAB3NzaC1yc2EAAAABIwAAAQEAvh7+9O8tRdDItLjJeHbHJjF'
 b'GunfG6qup94XSdLh8mce4hyiNlrL0f7jPhg21f9cb2YUII1EyX1O+tUmssGm4Sn+GyRM6smHDceEupfqbl58FORgJn100/KXqp1sHX+MFzLMqOT17Fd1TEBYtgHBJISxX4NEbyACpZ0iUp/gVSxWdzUJzAtCQIrYYmPXUktrEQahj82GQQIkp11H+v8jHzd1w++m9WIzajQu5cTE0KwYUWkUOWSqJYpDcI8s9U1OvPVnayXcF/foLOxEAf6UXNU+ITT5WXYWgHDQ+ZXs1S6L/R31gGBZbq2M6/CijGvmyCBZgIW9cSv8/pbx/tr3OHw== root@kvm3.wan-controller.juniper.net"; ## SECRET-DATA\n                '
 b'ssh-rsa "ssh-rsa AAAAB3NzaC1yc2EAAAABIwAAAYEA4R7yOTRmhY7HFxK1wKL+8bqNI5Erj3yL8eVv/6A7/7leANVgYGKEZNUAwxdntq6fNiLZxZpQuOddn+uF2yUlUT6on2Ek2zk7CrHTE4WpUPgM9wkoTTnhixxKnFKYFdDR8xJPku0DbQdQgBL/5SmnPwBzKd27pWr86ybtAQFe6aUJrIpIAoFEQSM3AkRq1G+L2MsUEZMItlZADh6WXAKKBJeDD/XwIYwqxxW06v3d3YVbJiR0DtVz+5A8PfI30EXzqjEROuSUJ5GERMruBlQyS8+QGwEMaULFhfyI8qmO0d5NV82yn215Wiht9vKthLi6NN1zbpzIYOLA1WVr3ZUpd8oIqxDjdMD'
 b'Rsvd5ORp6X1fXycj8bJzVrJFmVbr5X32kqvO96DWlnktJmDJStDF+57rb7gOjwanX1YVQSAvjYpNlXpMihHkjwjzJAuvFGelCEfBGz5al09u7wIarLKZ6LHgq6zRSp1KxOWgz7nvan+iSTWIFiacq8OffQdC5/waJ subratam@q-pod13-vmm.englab.juniper.net"; ## SECRET-DATA\n            }\n        }\n    }\n    services {\n        netconf {\n            ssh;\n        }\n    }\n    ports {\n        console log-out-on-disconnect;\n    }\n    syslog {'
 b'\n        host 172.16.18.1 {\n            daemon info;\n            port 1514;\n            match-strings RPM_TEST_RESULTS;\n        }\n    }\n}\nchassis {\n    network-services enhanced-ip;\n}\nservices {\n    analytics {\n        streaming-server ns-ifd {\n            remote-address 172.16.18.1;\n            remote-port 2000;\n        }\n        streaming-server ns-ifl {\n            remot'
 b'e-address 172.16.18.1;\n            remote-port 2001;\n        }\n        streaming-server ns-lsp {\n            remote-address 172.16.18.1;\n            remote-port 2002;\n        }\n        export-profile ns {\n            local-address 11.0.0.107;\n            reporting-rate 30;\n            format gpb;\n            transport udp;\n        }\n        sensor ifd {\n            server-name '
 b'ns-ifd;\n            export-name ns;\n            resource /junos/system/linecard/interface/;\n        }\n        sensor ifl {\n            server-name ns-ifl;\n            export-name ns;\n            resource /junos/system/linecard/interface/logical/usage/;\n        }\n        sensor lsp {\n            server-name ns-lsp;\n            export-name ns;\n            resource /junos/services/lab'
 b'el-switched-path/usage/;\n        }\n    }\n    rpm {\n        probe northstar-ifl {\n            test ge-0/0/5.0 {\n                probe-type icmp-ping-timestamp;\n                target address 11.105.107.1;\n                probe-count 15;\n                probe-interval 1;\n                test-interval 20;\n                source-address 11.105.107.2;\n                history-size 51'
 b'2;\n                moving-average-size 60;\n                traps test-completion;\n                destination-interface ge-0/0/5.0;\n                one-way-hardware-timestamp;\n            }\n            test ge-0/0/7.0 {\n                probe-type icmp-ping-timestamp;\n                target address 11.106.107.1;\n                probe-count 15;\n                probe-interval 1;\n     '
 b'           test-interval 20;\n                source-address 11.106.107.2;\n                history-size 512;\n                moving-average-size 60;\n                traps test-completion;\n                destination-interface ge-0/0/7.0;\n                one-way-hardware-timestamp;\n            }\n            test ge-0/1/9.0 {\n                probe-type icmp-ping-timestamp;\n           '
 b'     target address 11.104.107.1;\n                probe-count 15;\n                probe-interval 1;\n                test-interval 20;\n                source-address 11.104.107.2;\n                history-size 512;\n                moving-average-size 60;\n                traps test-completion;\n                destination-interface ge-0/1/9.0;\n                one-way-hardware-timestamp'
 b';\n            }\n            test ge-0/1/8.0 {\n                probe-type icmp-ping-timestamp;\n                target address 11.103.107.1;\n                probe-count 15;\n                probe-interval 1;\n                test-interval 20;\n                source-address 11.103.107.2;\n                history-size 512;\n                moving-average-size 60;\n                traps test'
 b'-completion;\n                destination-interface ge-0/1/8.0;\n                one-way-hardware-timestamp;\n            }\n        }\n    }\n}\ninterfaces {\n    ge-0/0/5 {\n        speed 10m;\n        unit 0 {\n            family inet {\n                address 11.105.107.2/30;\n            }\n            family iso;\n            family mpls {\n                maximum-labels 4;\n        '
 b'    }\n        }\n    }\n    ge-0/0/7 {\n        speed 10m;\n        unit 0 {\n            family inet {\n                address 11.106.107.2/30;\n            }\n            family iso;\n            family mpls {\n                maximum-labels 4;\n            }\n        }\n    }\n    ge-0/0/8 {\n        unit 0 {\n            family inet {\n                address 172.16.18.107/24;\n        '
 b'    }\n        }\n    }\n    inactive: ge-0/0/9 {\n        unit 0 {\n            family inet {\n                address 172.16.27.107/24;\n            }\n        }\n    }\n    ge-0/1/5 {\n        unit 0 {\n            family inet {\n                address 172.16.27.107/24;\n            }\n        }\n    }\n    ge-0/1/8 {\n        flexible-vlan-tagging;\n        speed 10m;\n        encapsulati'
 b'on flexible-ethernet-services;\n        unit 0 {\n            vlan-id 0;\n            family inet {\n                address 11.103.107.2/30;\n            }\n            family iso;\n            family mpls {\n                maximum-labels 4;\n            }\n        }\n        unit 200 {\n            vlan-id 200;\n            family inet {\n                address 200.0.0.7/24;\n            '
 b'}\n        }\n        unit 301 {\n            vlan-id 301;\n            family inet {\n                address 31.0.0.7/24;\n            }\n        }\n    }\n    ge-0/1/9 {\n        speed 10m;\n        unit 0 {\n            family inet {\n                address 11.104.107.2/30;\n            }\n            family iso;\n            family mpls {\n                maximum-labels 4;\n           '
 b' }\n        }\n    }\n    lo0 {\n        unit 0 {\n            family inet {\n                address 11.0.0.107/32;\n                address 11.0.101.107/32;\n                address 11.0.103.107/32;\n                address 11.0.104.107/32;\n                address 11.0.105.107/32;\n                address 11.0.102.107/32;\n                address 11.0.106.107/32;\n                address'
 b' 11.255.101.107/32;\n                address 11.255.102.107/32;\n                address 11.255.103.107/32;\n                address 11.255.104.107/32;\n                address 11.255.105.107/32;\n                address 11.255.106.107/32;\n            }\n            family iso {\n                address 49.0011.0110.0000.0107.00;\n            }\n            family mpls;\n        }\n    }\n'
 b'}\nevent-options {\n    event-script {\n        file rpm-log.slax;\n    }\n}\npolicy-options {\n    policy-statement direct {\n        from {\n            protocol direct;\n            route-filter 11.255.0.0/16 orlonger;\n        }\n        then accept;\n    }\n    policy-statement load-balancing-policy {\n        then {\n            load-balance per-packet;\n            accept;\n        }\n'
 b'    }\n    policy-statement set-preference {\n        from {\n            route-filter 11.255.0.0/16 orlonger;\n        }\n        then {\n            preference 5;\n            accept;\n        }\n    }\n}\nrouting-instances {\n    etree_1_ce_103 {\n        instance-type virtual-router;\n        interface ge-0/1/8.301;\n    }\n    vpn_200_ce_103 {\n        instance-type virtual-router;\n   '
 b'     interface ge-0/1/8.200;\n    }\n}\nrouting-options {\n    srlg {\n        srlg-100 {\n            srlg-value 100;\n            srlg-cost 50;\n        }\n        srlg-407 {\n            srlg-value 407;\n            srlg-cost 50;\n        }\n    }\n    forwarding-table {\n        export load-balancing-policy;\n    }\n    router-id 11.0.0.107;\n    autonomous-system 11;\n}\nprotocols {\n '
 b'   isis {\n        source-packet-routing {\n            srgb start-label 1000 index-range 32;\n            node-segment {\n                ipv4-index 7;\n                ipv6-index 17;\n            }\n        }\n        level 1 disable;\n        level 2 wide-metrics-only;\n        interface ge-0/0/7.0 {\n            point-to-point;\n            level 2 metric 30;\n        }\n        interfac'
 b'e ge-0/1/5.0 {\n            passive;\n        }\n        interface all {\n            point-to-point;\n            level 2 metric 10;\n            level 1 disable;\n        }\n        interface fxp0.0 {\n            disable;\n        }\n        interface lo0.0 {\n            passive;\n        }\n    }\n    rsvp {\n        interface all {\n            bandwidth 10m;\n            link-protecti'
 b'on;\n        }\n        interface fxp0.0 {\n            disable;\n        }\n        interface ge-0/1/8.0 {\n            bandwidth 10m;\n            link-protection;\n        }\n    }\n    mpls {\n        lsp-external-controller pccd {\n            label-switched-path-template {\n                pccd_default_template;\n            }\n            pce-controlled-lsp PCS-AUTOBW-* {\n             '
 b'   label-switched-path-template {\n                    AUTOBW-template;\n                }\n            }\n            pce-controlled-lsp PCS-LP-* {\n                label-switched-path-template {\n                    LP-template;\n                }\n            }\n            pce-controlled-lsp PCS-NLP-* {\n                label-switched-path-template {\n                    NLP-template;\n   '
 b'             }\n            }\n            pce-controlled-lsp PCS-LFA-* {\n                label-switched-path-template {\n                    LFA-template;\n                }\n            }\n        }\n        statistics {\n            file lsp.stat size 5m files 2;\n            interval 10;\n            auto-bandwidth;\n        }\n        admin-groups {\n            blue 1;\n            red'
 b' 2;\n        }\n        sensor-based-stats;\n        icmp-tunneling;\n        label-switched-path pccd_default_template {\n            template;\n            adaptive;\n        }\n        label-switched-path AUTOBW-template {\n            template;\n            link-protection;\n            adaptive;\n            auto-bandwidth {\n                adjust-interval 300;\n                adjust-'
 b'threshold 0;\n                minimum-bandwidth 100k;\n            }\n        }\n        label-switched-path LP-template {\n            template;\n            link-protection;\n            adaptive;\n        }\n        label-switched-path NLP-template {\n            template;\n            node-link-protection;\n            adaptive;\n        }\n        label-switched-path LFA-template {\n    '
 b'        backup;\n            template;\n            adaptive;\n        }\n        label-switched-path rsvp-107-105 {\n            to 11.0.0.105;\n        }\n        interface all;\n        interface fxp0.0 {\n            disable;\n        }\n        interface ge-0/1/9.0 {\n            srlg srlg-407;\n            admin-group [ blue red ];\n        }\n        interface ge-0/1/8.0 {\n            '
 b'admin-group [ blue red ];\n        }\n        interface ge-0/0/7.0 {\n            admin-group [ blue red ];\n        }\n        interface ge-0/0/5.0 {\n            admin-group red;\n        }\n    }\n    source-packet-routing {\n        lsp-external-controller pccd;\n    }\n    bgp {\n        group core {\n            type internal;\n            local-address 11.0.0.107;\n            import se'
 b't-preference;\n            family inet {\n                unicast;\n            }\n            family inet-vpn {\n                unicast;\n            }\n            family l2vpn {\n                signaling;\n            }\n            export direct;\n            neighbor 11.0.0.101;\n            neighbor 11.0.0.102;\n            neighbor 11.0.0.104;\n            neighbor 11.0.0.105;\n     '
 b'       neighbor 11.0.0.106;\n            neighbor 11.0.0.103;\n        }\n    }\n    lldp {\n        interface all;\n    }\n    pcep {\n        pce ns1 {\n            destination-ipv4-address 172.16.18.1;\n            destination-port 4189;\n            pce-type active stateful;\n            lsp-provisioning;\n            p2mp-lsp-report-capability;\n            p2mp-lsp-update-capability;\n '
 b'           p2mp-lsp-init-capability;\n            lsp-cleanup-timer 10;\n            spring-capability;\n            delegation-cleanup-timeout 10;\n        }\n    }\n}\n&lt;/configuration-output&gt;&lt;/configuration-information&gt;')</msg>
<msg timestamp="20200521 01:02:13.646" level="INFO">${result} = &lt;configuration-information&gt;&lt;configuration-output&gt;
## Last commit: 2020-05-11 15:54:57 PDT by northstar
version 20190517.030718_builder.r1028173;
groups {
    member0 {
        system {
            hos...</msg>
<status status="PASS" starttime="20200521 01:02:13.451" endtime="20200521 01:02:13.646"></status>
</kw>
<msg timestamp="20200521 01:02:13.646" level="TRACE">Return: (b'&lt;configuration-information&gt;&lt;configuration-output&gt;\n## Last commit: 2020-05-11 15:54:57 PDT by northstar\nversion 20190517.030718_builder.r1028173;\ngroups {\n    member0 {\n        system {\n            host-name vmx107;\n            backup-router 10.102.175.254;\n        }\n        interfaces {\n            fxp0 {\n                unit 0 {\n                    family inet {\n              '
 b'          address 10.102.164.218/20;\n                    }\n                }\n            }\n        }\n    }\n    global {\n        system {\n            root-authentication {\n                encrypted-password "$1$ZUlES4dp$OUwWo1g7cLoV/aMWpHUnC/"; ## SECRET-DATA\n            }\n            login {\n                class wheel {\n                    permissions snmp;\n                }\n '
 b'               user regress {\n                    uid 928;\n                    class superuser;\n                    shell csh;\n                    authentication {\n                        encrypted-password "$1$kPU..$w.4FGRAGanJ8U4Yq6sbj7."; ## SECRET-DATA\n                    }\n                }\n                user remote {\n                    uid 2000;\n                    class s'
 b'uper-user;\n                }\n            }\n            services {\n                finger;\n                ftp;\n                rlogin;\n                ssh {\n                    root-login allow;\n                }\n                telnet;\n                xnm-clear-text;\n            }\n            domain-name englab.juniper.net;\n            domain-search [ englab.juniper.net junipe'
 b'r.net jnpr.net spglab.juniper.net ];\n            time-zone America/Los_Angeles;\n            debugger-on-break;\n            dump-on-panic;\n            authentication-order [ password radius ];\n            name-server {\n                10.102.149.51;\n                10.102.149.52;\n            }\n            radius-server {\n                192.168.69.162 secret "$9$iHfz9Cu0BRQznCApIRSr'
 b'eWxNVw2GjkKM4JGimP"; ## SECRET-DATA\n                192.168.64.10 secret "$9$TQ/t1IcSrKAt0IRheK8X7VYgaZDm5zNdiqmTn6"; ## SECRET-DATA\n                192.168.4.240 secret "$9$GqUqf3nCApOPfQn690ORhSeWL7-boZDylsgoGHk"; ## SECRET-DATA\n            }\n            syslog {\n                host log {\n                    kernel info;\n                    any notice;\n                    pfe in'
 b'fo;\n                    interactive-commands any;\n                }\n                file messages {\n                    kernel info;\n                    any notice;\n                    authorization info;\n                    pfe info;\n                    archive world-readable;\n                }\n                file security {\n                    interactive-commands any;\n         '
 b'           archive world-readable;\n                }\n            }\n            processes {\n                routing enable;\n                ntp enable;\n                management enable;\n                watchdog enable;\n                snmp enable;\n                inet-process enable;\n                mib-process enable;\n            }\n            ntp {\n                boot-server'
 b' 172.21.200.60;\n                server 172.21.200.60;\n                server 172.29.131.60;\n                server 172.29.135.60;\n            }\n        }\n        chassis {\n            dump-on-panic;\n        }\n        snmp {\n            location "Systest lab";\n            contact "Jay Lloyd";\n            community public {\n                authorization read-only;\n            }\n '
 b'           community private {\n                authorization read-write;\n            }\n        }\n        routing-options {\n            static {\n                /* corperate and alpha net */\n                route 172.16.0.0/12 {\n                    next-hop 10.102.175.254;\n                    retain;\n                    no-readvertise;\n                }\n                /* eng lab ne'
 b'ts */\n                route 192.168.0.0/16 {\n                    next-hop 10.102.175.254;\n                    retain;\n                    no-readvertise;\n                }\n                route 10.0.0.0/8 {\n                    next-hop 10.102.175.254;\n                    retain;\n                    no-readvertise;\n                }\n                /* ntp server */\n                r'
 b'oute 66.129.255.62/32 {\n                    next-hop 10.102.175.254;\n                    retain;\n                    no-readvertise;\n                }\n            }\n        }\n    }\n}\napply-groups [ global member0 ];\nsystem {\n    root-authentication {\n        ssh-rsa "ssh-rsa AAAAB3NzaC1yc2EAAAABIwAAAQEAvh7+9O8tRdDItLjJeHbHJjFGunfG6qup94XSdLh8mce4hyiNlrL0f7jPhg21f9cb2YUII1EyX1O+tUms'
 b'sGm4Sn+GyRM6smHDceEupfqbl58FORgJn100/KXqp1sHX+MFzLMqOT17Fd1TEBYtgHBJISxX4NEbyACpZ0iUp/gVSxWdzUJzAtCQIrYYmPXUktrEQahj82GQQIkp11H+v8jHzd1w++m9WIzajQu5cTE0KwYUWkUOWSqJYpDcI8s9U1OvPVnayXcF/foLOxEAf6UXNU+ITT5WXYWgHDQ+ZXs1S6L/R31gGBZbq2M6/CijGvmyCBZgIW9cSv8/pbx/tr3OHw== root@kvm3.wan-controller.juniper.net"; ## SECRET-DATA\n        ssh-rsa "ssh-rsa AAAAB3NzaC1yc2EAAAABIwAAAYEA4R7yOTRmhY7HFxK1wKL+'
 b'8bqNI5Erj3yL8eVv/6A7/7leANVgYGKEZNUAwxdntq6fNiLZxZpQuOddn+uF2yUlUT6on2Ek2zk7CrHTE4WpUPgM9wkoTTnhixxKnFKYFdDR8xJPku0DbQdQgBL/5SmnPwBzKd27pWr86ybtAQFe6aUJrIpIAoFEQSM3AkRq1G+L2MsUEZMItlZADh6WXAKKBJeDD/XwIYwqxxW06v3d3YVbJiR0DtVz+5A8PfI30EXzqjEROuSUJ5GERMruBlQyS8+QGwEMaULFhfyI8qmO0d5NV82yn215Wiht9vKthLi6NN1zbpzIYOLA1WVr3ZUpd8oIqxDjdMDRsvd5ORp6X1fXycj8bJzVrJFmVbr5X32kqvO96DWlnktJmDJStDF+57rb7gOjwanX'
 b'1YVQSAvjYpNlXpMihHkjwjzJAuvFGelCEfBGz5al09u7wIarLKZ6LHgq6zRSp1KxOWgz7nvan+iSTWIFiacq8OffQdC5/waJ subratam@q-pod13-vmm.englab.juniper.net"; ## SECRET-DATA\n        ssh-rsa "ssh-rsa AAAAB3NzaC1yc2EAAAADAQABAAACAQDQGGMvhjsv+CB/UyqXpisJ0eBiGtltBct0+EZES8vOEGZch+HwKcb/XabcRhFo9NEu8fp3OSJpqpFcl+TP4USYgXmfjj3WsaIGcG8+Y+5HwReKhdajODUzacatCSSAcrybSltxsr5ibpmhj+MtBtFsprC5MLuneDx47iXM+ZrJ0HrkUsrVIlz+d'
 b'ymJcBFFUepd9Cd7ySYZIDbCh2yhWs3Gz1NP6LHf981DUQAI0cKcaUDciNVV3slJQKNn1/nLn+96kSORbC4FTnqs3oA+WNHTy2qD4ey/qzIlRBMVG9MQHjl/4m5JGZeb9jSRJk+HxUlv+ljb/0/2HIdc1Uz9xQcMF4zYA7WdEpvo6nHvr2mOXpt13IqbAZ5aAvA7jNpMCEPUrHLHZBIxzgJkS5cSnJyoW52/UwaZ7JkJ3WCOvt7ukMdpC8cVFwOBArVibVG/5jHYaaMt1ZNWaTwkwrQV6ZnzYEuZkL/pwRkOwAirJSbF4soz1NqlDbU0UkByLzNx2Z8ny/2RJPYg1ERKMee132N2AwN7K8Sd4KJQdrcMQwECHbLNeaEKCyLw2XBBh6DVQh0ZK'
 b'eMcV/qGuOf2i9+s9BHj8GVHKTCeipRUvARviNe8TPlMwrgHeBiUwWK+3ZsNruE1vWQnuv/FGgLwIlKpOpOGgIspK4YpMj1DUoHROuMyIw== srigupta.juniper.net"; ## SECRET-DATA\n        ssh-rsa "ssh-rsa AAAAB3NzaC1yc2EAAAADAQABAAABAQDSkmGy8wgqPYCO696tMjBRMIk3TkWrKHmzEIsQxjUmagqln7i3L/jNfC+BynW5oCNWqjpsk+J0VJLDsMR5D0Nb5qvDc8b8zVvUFBikTsLl/qWOk5jtlCvIZsoXEg2Jz1soJLdrFxHPCTLdmiZUJ8Sznj/Fx1P0VIocyJUv70sFSJHdJ34332FTtb+mBx9Ku'
 b'w2onPwDYGtnoMBRwW9/0yMvv4AicdkmF1SdGKuur8/ZaHB+MpuEJbrPrL4dWTPsdE8tdS0be4xr+RsKECULTTt00qBEqQy8jlxoYL2zbImJDD17e3f19nhGSNBOhxAOT219heKaFgefVN0JxWzEylFZ root@6fb1292a24ca"; ## SECRET-DATA\n        ssh-rsa "ssh-rsa AAAAB3NzaC1yc2EAAAADAQABAAABAQDhnbNslRKzjyPVFW3TOdr/saxny7F/KMADn71QbHr+8Ob57pr426Njp56dFcSfT06e/kZVbpTaL1tXvHTiNqo3oTS2ihv52EXv6mqfJs7NkAFaOvat832DHtbIcORYcfTVM1UZ8gEy27CBp25enrZR'
 b'QsORahsBQDSZXHMYrj82JUBqmHJjQc5KBniWVQKEj3asWOEyWvat4Xcaf3miO7BT5tRmuxBusMdevFNfciiO+FOCo+12J8d9FMeExpTYkSWAc291iLOTnnpP0MIsYLk4SFI/lNhM3HgKlQoBT8Fhbkl6gCsULk4yeTL84JXBlAVqE3c3DMiO9Lcr3QN2SnLF srigupta@juniper.net"; ## SECRET-DATA\n    }\n    login {\n        user northstar {\n            uid 2004;\n            class super-user;\n            authentication {\n                encrypted-passwor'
 b'd "$6$aG8JZB0G$hg45fUk9DIXlNVMtKY/eyjPqBen0e4ji/ILu8IbrbbFvXykAulKLrcrQhcaXufU8emwqcQCZKlcc./DBq14UM1"; ## SECRET-DATA\n                ssh-rsa "ssh-rsa AAAAB3NzaC1yc2EAAAABIwAAAYEA4R7yOTRmhY7HFxK1wKL+8bqNI5Erj3yL8eVv/6A7/7leANVgYGKEZNUAwxdntq6fNiLZxZpQuOddn+uF2yUlUT6on2Ek2zk7CrHTE4WpUPgM9wkoTTnhixxKnFKYFdDR8xJPku0DbQdQgBL/5SmnPwBzKd27pWr86ybtAQFe6aUJrIpIAoFEQSM3AkRq1G+L2MsUEZMItlZADh6WXAKK'
 b'BJeDD/XwIYwqxxW06v3d3YVbJiR0DtVz+5A8PfI30EXzqjEROuSUJ5GERMruBlQyS8+QGwEMaULFhfyI8qmO0d5NV82yn215Wiht9vKthLi6NN1zbpzIYOLA1WVr3ZUpd8oIqxDjdMDRsvd5ORp6X1fXycj8bJzVrJFmVbr5X32kqvO96DWlnktJmDJStDF+57rb7gOjwanX1YVQSAvjYpNlXpMihHkjwjzJAuvFGelCEfBGz5al09u7wIarLKZ6LHgq6zRSp1KxOWgz7nvan+iSTWIFiacq8OffQdC5/waJ subratam@q-pod13-vmm.englab.juniper.net"; ## SECRET-DATA\n                ssh-rsa "ssh-rsa A'
 b'AAAB3NzaC1yc2EAAAABIwAAAQEAvh7+9O8tRdDItLjJeHbHJjFGunfG6qup94XSdLh8mce4hyiNlrL0f7jPhg21f9cb2YUII1EyX1O+tUmssGm4Sn+GyRM6smHDceEupfqbl58FORgJn100/KXqp1sHX+MFzLMqOT17Fd1TEBYtgHBJISxX4NEbyACpZ0iUp/gVSxWdzUJzAtCQIrYYmPXUktrEQahj82GQQIkp11H+v8jHzd1w++m9WIzajQu5cTE0KwYUWkUOWSqJYpDcI8s9U1OvPVnayXcF/foLOxEAf6UXNU+ITT5WXYWgHDQ+ZXs1S6L/R31gGBZbq2M6/CijGvmyCBZgIW9cSv8/pbx/tr3OHw== root@kvm3.wan-controller'
 b'.juniper.net"; ## SECRET-DATA\n                ssh-rsa "ssh-rsa AAAAB3NzaC1yc2EAAAADAQABAAABAQDQJFhw1NvFT9bqgtWqfEM/GDt8dMIPyuQPGfVW86Wo7eWBILhwCi20fU7te2wQB/rN4SGuw8+FgKvkDclGOYhhNchQ/Wyx5ktrDbyL/TrNMkkQBQRsyvlVpVsqTyFWHinubZEDx/5Q+Segk9Z56X3MCW8mXjCPBZaUzsC9Qgx8Phx9vg/4QmbWcLhSrX4RcAhvNNtUf6OD08UxKG8PkpbfRc1OaeCB8ygQTnEm9/oSmp6p+sun6Wc41fmbyxqYSOCVP6Wd8TYFKNqdRvDI9oPnKmhBjB4f5RsSbIK0oBAt7'
 b'RbgBFIRaPhiibVwJnvmOIayTSWUwIbLy5FB/qW5Edax subratam@subratam-mbp15"; ## SECRET-DATA\n                ssh-rsa "ssh-rsa AAAAB3NzaC1yc2EAAAADAQABAAACAQDQGGMvhjsv+CB/UyqXpisJ0eBiGtltBct0+EZES8vOEGZch+HwKcb/XabcRhFo9NEu8fp3OSJpqpFcl+TP4USYgXmfjj3WsaIGcG8+Y+5HwReKhdajODUzacatCSSAcrybSltxsr5ibpmhj+MtBtFsprC5MLuneDx47iXM+ZrJ0HrkUsrVIlz+dymJcBFFUepd9Cd7ySYZIDbCh2yhWs3Gz1NP6LHf981DUQAI0cKcaUDciNVV3s'
 b'lJQKNn1/nLn+96kSORbC4FTnqs3oA+WNHTy2qD4ey/qzIlRBMVG9MQHjl/4m5JGZeb9jSRJk+HxUlv+ljb/0/2HIdc1Uz9xQcMF4zYA7WdEpvo6nHvr2mOXpt13IqbAZ5aAvA7jNpMCEPUrHLHZBIxzgJkS5cSnJyoW52/UwaZ7JkJ3WCOvt7ukMdpC8cVFwOBArVibVG/5jHYaaMt1ZNWaTwkwrQV6ZnzYEuZkL/pwRkOwAirJSbF4soz1NqlDbU0UkByLzNx2Z8ny/2RJPYg1ERKMee132N2AwN7K8Sd4KJQdrcMQwECHbLNeaEKCyLw2XBBh6DVQh0ZKeMcV/qGuOf2i9+s9BHj8GVHKTCeipRUvARviNe8TPlMwrgHeBiUwWK+3ZsNru'
 b'E1vWQnuv/FGgLwIlKpOpOGgIspK4YpMj1DUoHROuMyIw== srigupta.juniper.net"; ## SECRET-DATA\n                ssh-rsa "ssh-rsa AAAAB3NzaC1yc2EAAAADAQABAAABAQDhnbNslRKzjyPVFW3TOdr/saxny7F/KMADn71QbHr+8Ob57pr426Njp56dFcSfT06e/kZVbpTaL1tXvHTiNqo3oTS2ihv52EXv6mqfJs7NkAFaOvat832DHtbIcORYcfTVM1UZ8gEy27CBp25enrZRQsORahsBQDSZXHMYrj82JUBqmHJjQc5KBniWVQKEj3asWOEyWvat4Xcaf3miO7BT5tRmuxBusMdevFNfciiO+FOCo+12J8'
 b'd9FMeExpTYkSWAc291iLOTnnpP0MIsYLk4SFI/lNhM3HgKlQoBT8Fhbkl6gCsULk4yeTL84JXBlAVqE3c3DMiO9Lcr3QN2SnLF srigupta@juniper.net"; ## SECRET-DATA\n            }\n        }\n        user regress {\n            authentication {\n                ssh-rsa "ssh-rsa AAAAB3NzaC1yc2EAAAABIwAAAQEA9DV9TWcJG3ldN2yKKiFKTsrY1pcgApHATfb7qdJbJXKKT8aztQ95H/vDyi3x35hjkC1y8e7s7MUJxQZ92OFUGvzsWkkbgGfQPr0GPhcIQjkc2zLzC9'
 b'SVhih+n2zvPCTkNbxtCbUnwVMoWU63LbnNPFOYJ8PTn1/6QeNqCPCzIQOg+qAvOAmkPGtLLBerD+2yaovzbZXKFZ0I4IZk/KmVuZgBJpjq0Nqir8SistvCa0V/BCF3yIhqSiPSpShQnuUFtJmZz+zZ6bTS+0q80Iq6TrjuoTtvI0jHVnWxx2WazYyQSqHSVVn3EZYb5ZDVpAaNzwqP1vg1vvHDkrvwUvWB/Q== rbu-devtest-northstar-user01@q-pod03-vmm.englab.juniper.net"; ## SECRET-DATA\n                ssh-rsa "ssh-rsa AAAAB3NzaC1yc2EAAAABIwAAAQEAvh7+9O8tRdDItLjJeHbHJjF'
 b'GunfG6qup94XSdLh8mce4hyiNlrL0f7jPhg21f9cb2YUII1EyX1O+tUmssGm4Sn+GyRM6smHDceEupfqbl58FORgJn100/KXqp1sHX+MFzLMqOT17Fd1TEBYtgHBJISxX4NEbyACpZ0iUp/gVSxWdzUJzAtCQIrYYmPXUktrEQahj82GQQIkp11H+v8jHzd1w++m9WIzajQu5cTE0KwYUWkUOWSqJYpDcI8s9U1OvPVnayXcF/foLOxEAf6UXNU+ITT5WXYWgHDQ+ZXs1S6L/R31gGBZbq2M6/CijGvmyCBZgIW9cSv8/pbx/tr3OHw== root@kvm3.wan-controller.juniper.net"; ## SECRET-DATA\n                '
 b'ssh-rsa "ssh-rsa AAAAB3NzaC1yc2EAAAABIwAAAYEA4R7yOTRmhY7HFxK1wKL+8bqNI5Erj3yL8eVv/6A7/7leANVgYGKEZNUAwxdntq6fNiLZxZpQuOddn+uF2yUlUT6on2Ek2zk7CrHTE4WpUPgM9wkoTTnhixxKnFKYFdDR8xJPku0DbQdQgBL/5SmnPwBzKd27pWr86ybtAQFe6aUJrIpIAoFEQSM3AkRq1G+L2MsUEZMItlZADh6WXAKKBJeDD/XwIYwqxxW06v3d3YVbJiR0DtVz+5A8PfI30EXzqjEROuSUJ5GERMruBlQyS8+QGwEMaULFhfyI8qmO0d5NV82yn215Wiht9vKthLi6NN1zbpzIYOLA1WVr3ZUpd8oIqxDjdMD'
 b'Rsvd5ORp6X1fXycj8bJzVrJFmVbr5X32kqvO96DWlnktJmDJStDF+57rb7gOjwanX1YVQSAvjYpNlXpMihHkjwjzJAuvFGelCEfBGz5al09u7wIarLKZ6LHgq6zRSp1KxOWgz7nvan+iSTWIFiacq8OffQdC5/waJ subratam@q-pod13-vmm.englab.juniper.net"; ## SECRET-DATA\n            }\n        }\n    }\n    services {\n        netconf {\n            ssh;\n        }\n    }\n    ports {\n        console log-out-on-disconnect;\n    }\n    syslog {'
 b'\n        host 172.16.18.1 {\n            daemon info;\n            port 1514;\n            match-strings RPM_TEST_RESULTS;\n        }\n    }\n}\nchassis {\n    network-services enhanced-ip;\n}\nservices {\n    analytics {\n        streaming-server ns-ifd {\n            remote-address 172.16.18.1;\n            remote-port 2000;\n        }\n        streaming-server ns-ifl {\n            remot'
 b'e-address 172.16.18.1;\n            remote-port 2001;\n        }\n        streaming-server ns-lsp {\n            remote-address 172.16.18.1;\n            remote-port 2002;\n        }\n        export-profile ns {\n            local-address 11.0.0.107;\n            reporting-rate 30;\n            format gpb;\n            transport udp;\n        }\n        sensor ifd {\n            server-name '
 b'ns-ifd;\n            export-name ns;\n            resource /junos/system/linecard/interface/;\n        }\n        sensor ifl {\n            server-name ns-ifl;\n            export-name ns;\n            resource /junos/system/linecard/interface/logical/usage/;\n        }\n        sensor lsp {\n            server-name ns-lsp;\n            export-name ns;\n            resource /junos/services/lab'
 b'el-switched-path/usage/;\n        }\n    }\n    rpm {\n        probe northstar-ifl {\n            test ge-0/0/5.0 {\n                probe-type icmp-ping-timestamp;\n                target address 11.105.107.1;\n                probe-count 15;\n                probe-interval 1;\n                test-interval 20;\n                source-address 11.105.107.2;\n                history-size 51'
 b'2;\n                moving-average-size 60;\n                traps test-completion;\n                destination-interface ge-0/0/5.0;\n                one-way-hardware-timestamp;\n            }\n            test ge-0/0/7.0 {\n                probe-type icmp-ping-timestamp;\n                target address 11.106.107.1;\n                probe-count 15;\n                probe-interval 1;\n     '
 b'           test-interval 20;\n                source-address 11.106.107.2;\n                history-size 512;\n                moving-average-size 60;\n                traps test-completion;\n                destination-interface ge-0/0/7.0;\n                one-way-hardware-timestamp;\n            }\n            test ge-0/1/9.0 {\n                probe-type icmp-ping-timestamp;\n           '
[...]
</assign>
<msg timestamp="20200521 01:02:19.560" level="TRACE">Arguments: [ ${device}='vmx107' | ${command}='show system storage' | ${display_format}='text' | ${xpath}='' | ${regex}='/dev/ad0s1a +\\d.?\\d[GM] +\\d.?\\d[GM] +(\\d.?\\d[GM]) +\\d.?\\d[%] +/' ]</msg>
<kw name="Run Keyword" library="BuiltIn">
<doc>Executes the given keyword with the given arguments.</doc>
<arguments>
<arg>${device}.Commands Executor</arg>
<arg>command=${command}</arg>
<arg>format=${display_format}</arg>
<arg>xpath=${xpath}</arg>
<arg>regex=${regex}</arg>
</arguments>
<assign>
<var>${result}</var>
</assign>
<msg timestamp="20200521 01:02:19.561" level="TRACE">Arguments: [ 'vmx107.Commands Executor' | 'command=${command}' | 'format=${display_format}' | 'xpath=${xpath}' | 'regex=${regex}' ]</msg>
<kw name="Commands Executor" library="vmx107">
<doc>Function that issues commands</doc>
<arguments>
<arg>command=${command}</arg>
<arg>format=${display_format}</arg>
<arg>xpath=${xpath}</arg>
<arg>regex=${regex}</arg>
</arguments>
<msg timestamp="20200521 01:02:19.561" level="TRACE">Arguments: [ command='show system storage' | format='text' | xpath='' | regex='/dev/ad0s1a +\\d.?\\d[GM] +\\d.?\\d[GM] +(\\d.?\\d[GM]) +\\d.?\\d[%] +/' ]</msg>
<msg timestamp="20200521 01:02:19.562" level="INFO">[host 10.102.164.218 session-id 50795] Requesting 'ExecuteRpc'</msg>
<msg timestamp="20200521 01:02:19.562" level="DEBUG">[host 10.102.164.218 session-id 50795] queueing &lt;?xml version="1.0" encoding="UTF-8"?&gt;&lt;nc:rpc xmlns:nc="urn:ietf:params:xml:ns:netconf:base:1.0" message-id="urn:uuid:78c7a866-3d2f-4633-b12b-f8c6c0e20363"&gt;&lt;command format="text"&gt;show system storage&lt;/command&gt;&lt;/nc:rpc&gt;</msg>
<msg timestamp="20200521 01:02:19.562" level="DEBUG">[host 10.102.164.218 session-id 50795] Sync request, will wait for timeout=14400</msg>
<msg timestamp="20200521 01:02:19.965" level="TRACE">Return: None</msg>
<status status="PASS" starttime="20200521 01:02:19.561" endtime="20200521 01:02:19.965"></status>
</kw>
<msg timestamp="20200521 01:02:19.966" level="TRACE">Return: None</msg>
<msg timestamp="20200521 01:02:19.966" level="INFO">${result} = None</msg>
<status status="PASS" starttime="20200521 01:02:19.561" endtime="20200521 01:02:19.966"></status>
</kw>
<msg timestamp="20200521 01:02:19.966" level="TRACE">Return: None</msg>
<msg timestamp="20200521 01:02:19.966" level="INFO">${available_storage} = None</msg>
<status status="PASS" starttime="20200521 01:02:19.560" endtime="20200521 01:02:19.966"></status>
</kw>
<kw name="Get From List" library="Collections">
<doc>Returns the value specified with an ``index`` from ``list``.</doc>
<arguments>
<arg>${available_storage}</arg>
<arg>0</arg>
</arguments>
<assign>
<var>${size}</var>
</assign>
<msg timestamp="20200521 01:02:19.966" level="TRACE">Arguments: [ None | '0' ]</msg>
<msg timestamp="20200521 01:02:19.966" level="FAIL">TypeError: 'NoneType' object is not subscriptable</msg>
<msg timestamp="20200521 01:02:19.966" level="DEBUG">Traceback (most recent call last):
  None</msg>
<status status="FAIL" starttime="20200521 01:02:19.966" endtime="20200521 01:02:19.966"></status>
</kw>
<status status="FAIL" starttime="20200521 01:02:19.560" endtime="20200521 01:02:19.966"></status>
</kw>
<doc>Objective: Check '/dev/ad0s1a' partition have at least 400MB for upgrade</doc>
<tags>
<tag>SWITCH</tag>
<tag>SYSTEM</tag>
</tags>
<status status="FAIL" starttime="20200521 01:02:19.559" endtime="20200521 01:02:19.966" critical="yes">TypeError: 'NoneType' object is not subscriptable</status>
</test>
<test id="s1-t11" name="T1.11: CHECK FPC IS ONLINE">
<kw name="Check FPC Is Online" library="show_cmd_keywords">
<arguments>
<arg>${device}</arg>
</arguments>
<msg timestamp="20200521 01:02:19.968" level="TRACE">Arguments: [ ${device}='vmx107' ]</msg>
<kw name="Command Executor" library="device_resources">
<arguments>
<arg>${device}</arg>
<arg>show chassis fpc</arg>
<arg>xml</arg>
</arguments>
<assign>
<var>${fpcs_xml}</var>
</assign>
<msg timestamp="20200521 01:02:19.968" level="TRACE">Arguments: [ ${device}='vmx107' | ${command}='show chassis fpc' | ${display_format}='xml' | ${xpath}='' | ${regex}='' ]</msg>
<kw name="Run Keyword" library="BuiltIn">
<doc>Executes the given keyword with the given arguments.</doc>
<arguments>
<arg>${device}.Commands Executor</arg>
<arg>command=${command}</arg>
<arg>format=${display_format}</arg>
<arg>xpath=${xpath}</arg>
<arg>regex=${regex}</arg>
</arguments>
<assign>
<var>${result}</var>
</assign>
<msg timestamp="20200521 01:02:19.968" level="TRACE">Arguments: [ 'vmx107.Commands Executor' | 'command=${command}' | 'format=${display_format}' | 'xpath=${xpath}' | 'regex=${regex}' ]</msg>
<kw name="Commands Executor" library="vmx107">
<doc>Function that issues commands</doc>
<arguments>
<arg>command=${command}</arg>
<arg>format=${display_format}</arg>
<arg>xpath=${xpath}</arg>
<arg>regex=${regex}</arg>
</arguments>
<msg timestamp="20200521 01:02:19.969" level="TRACE">Arguments: [ command='show chassis fpc' | format='xml' | xpath='' | regex='' ]</msg>
<msg timestamp="20200521 01:02:19.969" level="INFO">[host 10.102.164.218 session-id 50795] Requesting 'ExecuteRpc'</msg>
<msg timestamp="20200521 01:02:19.969" level="DEBUG">[host 10.102.164.218 session-id 50795] queueing &lt;?xml version="1.0" encoding="UTF-8"?&gt;&lt;nc:rpc xmlns:nc="urn:ietf:params:xml:ns:netconf:base:1.0" message-id="urn:uuid:3fd3c855-65d1-4e5f-b0f7-35dd5a3a1ff9"&gt;&lt;command&gt;show chassis fpc&lt;/command&gt;&lt;/nc:rpc&gt;</msg>
<msg timestamp="20200521 01:02:19.969" level="DEBUG">[host 10.102.164.218 session-id 50795] Sync request, will wait for timeout=14400</msg>
<msg timestamp="20200521 01:02:20.111" level="TRACE">Return: (b'&lt;fpc-information style="brief"&gt;&lt;fpc&gt;&lt;slot&gt;0&lt;/slot&gt;&lt;state&gt;Online&lt;/state&gt;&lt;temperature celsius="0"&gt;Testing&lt;/temperature&gt;&lt;cpu-total&gt;7&lt;/cpu-total&gt;&lt;cpu-interrupt&gt;0&lt;/cpu-interrupt&gt;&lt;cpu-1min-avg&gt;6&lt;/cpu-1min-avg&gt;&lt;cpu-5min-avg&gt;6&lt;/cpu-5min-avg&gt;&lt;cpu-15min-avg&gt;6&lt;/cpu-15min-avg&gt;&lt;memory-dram-size&gt;511&lt;/memory-dram-size&gt;&lt;memory-heap-utilization&gt;34&lt;/memory-heap-utilization&gt;&lt;memory-buffer-utilization&gt;0&lt;/memory-b'
 b'uffer-utilization&gt;&lt;/fpc&gt;&lt;fpc&gt;&lt;slot&gt;1&lt;/slot&gt;&lt;state&gt;Empty&lt;/state&gt;&lt;/fpc&gt;&lt;fpc&gt;&lt;slot&gt;2&lt;/slot&gt;&lt;state&gt;Empty&lt;/state&gt;&lt;/fpc&gt;&lt;fpc&gt;&lt;slot&gt;3&lt;/slot&gt;&lt;state&gt;Empty&lt;/state&gt;&lt;/fpc&gt;&lt;fpc&gt;&lt;slot&gt;4&lt;/slot&gt;&lt;state&gt;Empty&lt;/state&gt;&lt;/fpc&gt;&lt;fpc&gt;&lt;slot&gt;5&lt;/slot&gt;&lt;state&gt;Empty&lt;/state&gt;&lt;/fpc&gt;&lt;fpc&gt;&lt;slot&gt;6&lt;/slot&gt;&lt;state&gt;Empty&lt;/state&gt;&lt;/fpc&gt;&lt;fpc&gt;&lt;slot&gt;7&lt;/slot&gt;&lt;state&gt;Empty&lt;/state&gt;&lt;/fpc&gt;&lt;fpc&gt;&lt;slot&gt;8&lt;/slot&gt;&lt;state&gt;Empty&lt;/state&gt;&lt;/fpc&gt;&lt;fpc&gt;&lt;slot&gt;9'
 b'&lt;/slot&gt;&lt;state&gt;Empty&lt;/state&gt;&lt;/fpc&gt;&lt;fpc&gt;&lt;slot&gt;10&lt;/slot&gt;&lt;state&gt;Empty&lt;/state&gt;&lt;/fpc&gt;&lt;fpc&gt;&lt;slot&gt;11&lt;/slot&gt;&lt;state&gt;Empty&lt;/state&gt;&lt;/fpc&gt;&lt;/fpc-information&gt;')</msg>
<status status="PASS" starttime="20200521 01:02:19.969" endtime="20200521 01:02:20.112"></status>
</kw>
<msg timestamp="20200521 01:02:20.112" level="TRACE">Return: (b'&lt;fpc-information style="brief"&gt;&lt;fpc&gt;&lt;slot&gt;0&lt;/slot&gt;&lt;state&gt;Online&lt;/state&gt;&lt;temperature celsius="0"&gt;Testing&lt;/temperature&gt;&lt;cpu-total&gt;7&lt;/cpu-total&gt;&lt;cpu-interrupt&gt;0&lt;/cpu-interrupt&gt;&lt;cpu-1min-avg&gt;6&lt;/cpu-1min-avg&gt;&lt;cpu-5min-avg&gt;6&lt;/cpu-5min-avg&gt;&lt;cpu-15min-avg&gt;6&lt;/cpu-15min-avg&gt;&lt;memory-dram-size&gt;511&lt;/memory-dram-size&gt;&lt;memory-heap-utilization&gt;34&lt;/memory-heap-utilization&gt;&lt;memory-buffer-utilization&gt;0&lt;/memory-b'
 b'uffer-utilization&gt;&lt;/fpc&gt;&lt;fpc&gt;&lt;slot&gt;1&lt;/slot&gt;&lt;state&gt;Empty&lt;/state&gt;&lt;/fpc&gt;&lt;fpc&gt;&lt;slot&gt;2&lt;/slot&gt;&lt;state&gt;Empty&lt;/state&gt;&lt;/fpc&gt;&lt;fpc&gt;&lt;slot&gt;3&lt;/slot&gt;&lt;state&gt;Empty&lt;/state&gt;&lt;/fpc&gt;&lt;fpc&gt;&lt;slot&gt;4&lt;/slot&gt;&lt;state&gt;Empty&lt;/state&gt;&lt;/fpc&gt;&lt;fpc&gt;&lt;slot&gt;5&lt;/slot&gt;&lt;state&gt;Empty&lt;/state&gt;&lt;/fpc&gt;&lt;fpc&gt;&lt;slot&gt;6&lt;/slot&gt;&lt;state&gt;Empty&lt;/state&gt;&lt;/fpc&gt;&lt;fpc&gt;&lt;slot&gt;7&lt;/slot&gt;&lt;state&gt;Empty&lt;/state&gt;&lt;/fpc&gt;&lt;fpc&gt;&lt;slot&gt;8&lt;/slot&gt;&lt;state&gt;Empty&lt;/state&gt;&lt;/fpc&gt;&lt;fpc&gt;&lt;slot&gt;9'
 b'&lt;/slot&gt;&lt;state&gt;Empty&lt;/state&gt;&lt;/fpc&gt;&lt;fpc&gt;&lt;slot&gt;10&lt;/slot&gt;&lt;state&gt;Empty&lt;/state&gt;&lt;/fpc&gt;&lt;fpc&gt;&lt;slot&gt;11&lt;/slot&gt;&lt;state&gt;Empty&lt;/state&gt;&lt;/fpc&gt;&lt;/fpc-information&gt;')</msg>
<msg timestamp="20200521 01:02:20.112" level="INFO">${result} = &lt;fpc-information style="brief"&gt;&lt;fpc&gt;&lt;slot&gt;0&lt;/slot&gt;&lt;state&gt;Online&lt;/state&gt;&lt;temperature celsius="0"&gt;Testing&lt;/temperature&gt;&lt;cpu-total&gt;7&lt;/cpu-total&gt;&lt;cpu-interrupt&gt;0&lt;/cpu-interrupt&gt;&lt;cpu-1min-avg&gt;6&lt;/cpu-1min-a...</msg>
<status status="PASS" starttime="20200521 01:02:19.968" endtime="20200521 01:02:20.112"></status>
</kw>
<msg timestamp="20200521 01:02:20.112" level="TRACE">Return: (b'&lt;fpc-information style="brief"&gt;&lt;fpc&gt;&lt;slot&gt;0&lt;/slot&gt;&lt;state&gt;Online&lt;/state&gt;&lt;temperature celsius="0"&gt;Testing&lt;/temperature&gt;&lt;cpu-total&gt;7&lt;/cpu-total&gt;&lt;cpu-interrupt&gt;0&lt;/cpu-interrupt&gt;&lt;cpu-1min-avg&gt;6&lt;/cpu-1min-avg&gt;&lt;cpu-5min-avg&gt;6&lt;/cpu-5min-avg&gt;&lt;cpu-15min-avg&gt;6&lt;/cpu-15min-avg&gt;&lt;memory-dram-size&gt;511&lt;/memory-dram-size&gt;&lt;memory-heap-utilization&gt;34&lt;/memory-heap-utilization&gt;&lt;memory-buffer-utilization&gt;0&lt;/memory-b'
 b'uffer-utilization&gt;&lt;/fpc&gt;&lt;fpc&gt;&lt;slot&gt;1&lt;/slot&gt;&lt;state&gt;Empty&lt;/state&gt;&lt;/fpc&gt;&lt;fpc&gt;&lt;slot&gt;2&lt;/slot&gt;&lt;state&gt;Empty&lt;/state&gt;&lt;/fpc&gt;&lt;fpc&gt;&lt;slot&gt;3&lt;/slot&gt;&lt;state&gt;Empty&lt;/state&gt;&lt;/fpc&gt;&lt;fpc&gt;&lt;slot&gt;4&lt;/slot&gt;&lt;state&gt;Empty&lt;/state&gt;&lt;/fpc&gt;&lt;fpc&gt;&lt;slot&gt;5&lt;/slot&gt;&lt;state&gt;Empty&lt;/state&gt;&lt;/fpc&gt;&lt;fpc&gt;&lt;slot&gt;6&lt;/slot&gt;&lt;state&gt;Empty&lt;/state&gt;&lt;/fpc&gt;&lt;fpc&gt;&lt;slot&gt;7&lt;/slot&gt;&lt;state&gt;Empty&lt;/state&gt;&lt;/fpc&gt;&lt;fpc&gt;&lt;slot&gt;8&lt;/slot&gt;&lt;state&gt;Empty&lt;/state&gt;&lt;/fpc&gt;&lt;fpc&gt;&lt;slot&gt;9'
 b'&lt;/slot&gt;&lt;state&gt;Empty&lt;/state&gt;&lt;/fpc&gt;&lt;fpc&gt;&lt;slot&gt;10&lt;/slot&gt;&lt;state&gt;Empty&lt;/state&gt;&lt;/fpc&gt;&lt;fpc&gt;&lt;slot&gt;11&lt;/slot&gt;&lt;state&gt;Empty&lt;/state&gt;&lt;/fpc&gt;&lt;/fpc-information&gt;')</msg>
<msg timestamp="20200521 01:02:20.112" level="INFO">${fpcs_xml} = &lt;fpc-information style="brief"&gt;&lt;fpc&gt;&lt;slot&gt;0&lt;/slot&gt;&lt;state&gt;Online&lt;/state&gt;&lt;temperature celsius="0"&gt;Testing&lt;/temperature&gt;&lt;cpu-total&gt;7&lt;/cpu-total&gt;&lt;cpu-interrupt&gt;0&lt;/cpu-interrupt&gt;&lt;cpu-1min-avg&gt;6&lt;/cpu-1min-a...</msg>
<status status="PASS" starttime="20200521 01:02:19.968" endtime="20200521 01:02:20.112"></status>
</kw>
<kw name="Parse Xml" library="XML">
<doc>Parses the given XML file or string into an element structure.</doc>
<arguments>
<arg>${fpcs_xml}</arg>
</arguments>
<assign>
<var>${root}</var>
</assign>
<msg timestamp="20200521 01:02:20.113" level="TRACE">Arguments: [ (b'&lt;fpc-information style="brief"&gt;&lt;fpc&gt;&lt;slot&gt;0&lt;/slot&gt;&lt;state&gt;Online&lt;/state&gt;&lt;temperature celsius="0"&gt;Testing&lt;/temperature&gt;&lt;cpu-total&gt;7&lt;/cpu-total&gt;&lt;cpu-interrupt&gt;0&lt;/cpu-interrupt&gt;&lt;cpu-1min-avg&gt;6&lt;/cpu-1min-avg&gt;&lt;cpu-5min-avg&gt;6&lt;/cpu-5min-avg&gt;&lt;cpu-15min-avg&gt;6&lt;/cpu-15min-avg&gt;&lt;memory-dram-size&gt;511&lt;/memory-dram-size&gt;&lt;memory-heap-utilization&gt;34&lt;/memory-heap-utilization&gt;&lt;memory-buffer-utilization&gt;0&lt;/memory-b'
 b'uffer-utilization&gt;&lt;/fpc&gt;&lt;fpc&gt;&lt;slot&gt;1&lt;/slot&gt;&lt;state&gt;Empty&lt;/state&gt;&lt;/fpc&gt;&lt;fpc&gt;&lt;slot&gt;2&lt;/slot&gt;&lt;state&gt;Empty&lt;/state&gt;&lt;/fpc&gt;&lt;fpc&gt;&lt;slot&gt;3&lt;/slot&gt;&lt;state&gt;Empty&lt;/state&gt;&lt;/fpc&gt;&lt;fpc&gt;&lt;slot&gt;4&lt;/slot&gt;&lt;state&gt;Empty&lt;/state&gt;&lt;/fpc&gt;&lt;fpc&gt;&lt;slot&gt;5&lt;/slot&gt;&lt;state&gt;Empty&lt;/state&gt;&lt;/fpc&gt;&lt;fpc&gt;&lt;slot&gt;6&lt;/slot&gt;&lt;state&gt;Empty&lt;/state&gt;&lt;/fpc&gt;&lt;fpc&gt;&lt;slot&gt;7&lt;/slot&gt;&lt;state&gt;Empty&lt;/state&gt;&lt;/fpc&gt;&lt;fpc&gt;&lt;slot&gt;8&lt;/slot&gt;&lt;state&gt;Empty&lt;/state&gt;&lt;/fpc&gt;&lt;fpc&gt;&lt;slot&gt;9'
 b'&lt;/slot&gt;&lt;state&gt;Empty&lt;/state&gt;&lt;/fpc&gt;&lt;fpc&gt;&lt;slot&gt;10&lt;/slot&gt;&lt;state&gt;Empty&lt;/state&gt;&lt;/fpc&gt;&lt;fpc&gt;&lt;slot&gt;11&lt;/slot&gt;&lt;state&gt;Empty&lt;/state&gt;&lt;/fpc&gt;&lt;/fpc-information&gt;') ]</msg>
<msg timestamp="20200521 01:02:20.113" level="FAIL">FileNotFoundError: [Errno 2] No such file or directory: b'&lt;fpc-information style="brief"&gt;&lt;fpc&gt;&lt;slot&gt;0&lt;/slot&gt;&lt;state&gt;Online&lt;/state&gt;&lt;temperature celsius="0"&gt;Testing&lt;/temperature&gt;&lt;cpu-total&gt;7&lt;/cpu-total&gt;&lt;cpu-interrupt&gt;0&lt;/cpu-interrupt&gt;&lt;cpu-1min-avg&gt;6&lt;/cpu-1min-avg&gt;&lt;cpu-5min-avg&gt;6&lt;/cpu-5min-avg&gt;&lt;cpu-15min-avg&gt;6&lt;/cpu-15min-avg&gt;&lt;memory-dram-size&gt;511&lt;/memory-dram-size&gt;&lt;memory-heap-utilization&gt;34&lt;/memory-heap-utilization&gt;&lt;memory-buffer-utilization&gt;0&lt;/memory-buffer-utilization&gt;&lt;/fpc&gt;&lt;fpc&gt;&lt;slot&gt;1&lt;/slot&gt;&lt;state&gt;Empty&lt;/state&gt;&lt;/fpc&gt;&lt;fpc&gt;&lt;slot&gt;2&lt;/slot&gt;&lt;state&gt;Empty&lt;/state&gt;&lt;/fpc&gt;&lt;fpc&gt;&lt;slot&gt;3&lt;/slot&gt;&lt;state&gt;Empty&lt;/state&gt;&lt;/fpc&gt;&lt;fpc&gt;&lt;slot&gt;4&lt;/slot&gt;&lt;state&gt;Empty&lt;/state&gt;&lt;/fpc&gt;&lt;fpc&gt;&lt;slot&gt;5&lt;/slot&gt;&lt;state&gt;Empty&lt;/state&gt;&lt;/fpc&gt;&lt;fpc&gt;&lt;slot&gt;6&lt;/slot&gt;&lt;state&gt;Empty&lt;/state&gt;&lt;/fpc&gt;&lt;fpc&gt;&lt;slot&gt;7&lt;/slot&gt;&lt;state&gt;Empty&lt;/state&gt;&lt;/fpc&gt;&lt;fpc&gt;&lt;slot&gt;8&lt;/slot&gt;&lt;state&gt;Empty&lt;/state&gt;&lt;/fpc&gt;&lt;fpc&gt;&lt;slot&gt;9&lt;/slot&gt;&lt;state&gt;Empty&lt;/state&gt;&lt;/fpc&gt;&lt;fpc&gt;&lt;slot&gt;10&lt;/slot&gt;&lt;state&gt;Empty&lt;/state&gt;&lt;/fpc&gt;&lt;fpc&gt;&lt;slot&gt;11&lt;/slot&gt;&lt;state&gt;Empty&lt;/state&gt;&lt;/fpc&gt;&lt;/fpc-information&gt;'</msg>
<msg timestamp="20200521 01:02:20.113" level="DEBUG">Traceback (most recent call last):
  File "/Library/Developer/CommandLineTools/Library/Frameworks/Python3.framework/Versions/3.7/lib/python3.7/xml/etree/ElementTree.py", line 1197, in parse
    tree.parse(source, parser)
  File "/Library/Developer/CommandLineTools/Library/Frameworks/Python3.framework/Versions/3.7/lib/python3.7/xml/etree/ElementTree.py", line 587, in parse
    source = open(source, "rb")</msg>
<status status="FAIL" starttime="20200521 01:02:20.113" endtime="20200521 01:02:20.113"></status>
</kw>
<status status="FAIL" starttime="20200521 01:02:19.967" endtime="20200521 01:02:20.113"></status>
</kw>
<doc>Objective: Check FPC is Online</doc>
<tags>
<tag>SWITCH</tag>
<tag>SYSTEM</tag>
</tags>
<status status="FAIL" starttime="20200521 01:02:19.967" endtime="20200521 01:02:20.114" critical="yes">FileNotFoundError: [Errno 2] No such file or directory: b'&lt;fpc-information style="brief"&gt;&lt;fpc&gt;&lt;slot&gt;0&lt;/slot&gt;&lt;state&gt;Online&lt;/state&gt;&lt;temperature celsius="0"&gt;Testing&lt;/temperature&gt;&lt;cpu-total&gt;7&lt;/cpu-total&gt;&lt;cpu-interrupt&gt;0&lt;/cpu-interrupt&gt;&lt;cpu-1min-avg&gt;6&lt;/cpu-1min-avg&gt;&lt;cpu-5min-avg&gt;6&lt;/cpu-5min-avg&gt;&lt;cpu-15min-avg&gt;6&lt;/cpu-15min-avg&gt;&lt;memory-dram-size&gt;511&lt;/memory-dram-size&gt;&lt;memory-heap-utilization&gt;34&lt;/memory-heap-utilization&gt;&lt;memory-buffer-utilization&gt;0&lt;/memory-buffer-utilization&gt;&lt;/fpc&gt;&lt;fpc&gt;&lt;slot&gt;1&lt;/slot&gt;&lt;state&gt;Empty&lt;/state&gt;&lt;/fpc&gt;&lt;fpc&gt;&lt;slot&gt;2&lt;/slot&gt;&lt;state&gt;Empty&lt;/state&gt;&lt;/fpc&gt;&lt;fpc&gt;&lt;slot&gt;3&lt;/slot&gt;&lt;state&gt;Empty&lt;/state&gt;&lt;/fpc&gt;&lt;fpc&gt;&lt;slot&gt;4&lt;/slot&gt;&lt;state&gt;Empty&lt;/state&gt;&lt;/fpc&gt;&lt;fpc&gt;&lt;slot&gt;5&lt;/slot&gt;&lt;state&gt;Empty&lt;/state&gt;&lt;/fpc&gt;&lt;fpc&gt;&lt;slot&gt;6&lt;/slot&gt;&lt;state&gt;Empty&lt;/state&gt;&lt;/fpc&gt;&lt;fpc&gt;&lt;slot&gt;7&lt;/slot&gt;&lt;state&gt;Empty&lt;/state&gt;&lt;/fpc&gt;&lt;fpc&gt;&lt;slot&gt;8&lt;/slot&gt;&lt;state&gt;Empty&lt;/state&gt;&lt;/fpc&gt;&lt;fpc&gt;&lt;slot&gt;9&lt;/slot&gt;&lt;state&gt;Empty&lt;/state&gt;&lt;/fpc&gt;&lt;fpc&gt;&lt;slot&gt;10&lt;/slot&gt;&lt;state&gt;Empty&lt;/state&gt;&lt;/fpc&gt;&lt;fpc&gt;&lt;slot&gt;11&lt;/slot&gt;&lt;state&gt;Empty&lt;/state&gt;&lt;/fpc&gt;&lt;/fpc-information&gt;'</status>
</test>
<kw name="Device Close Connection" library="device_resources" type="teardown">
<arguments>
<arg>${device}</arg>
</arguments>
<msg timestamp="20200521 01:02:20.115" level="TRACE">Arguments: [ @{devices}=['vmx107'] ]</msg>
<kw name="${device} IN [ @{devices} ]" type="for">
<kw name="${device} = vmx107" type="foritem">
<kw name="Run Keyword" library="BuiltIn">
<doc>Executes the given keyword with the given arguments.</doc>
<arguments>
<arg>${device}.Close Connection</arg>
</arguments>
<msg timestamp="20200521 01:02:20.115" level="TRACE">Arguments: [ 'vmx107.Close Connection' ]</msg>
<kw name="Close Connection" library="vmx107">
<msg timestamp="20200521 01:02:20.115" level="TRACE">Arguments: [  ]</msg>
<msg timestamp="20200521 01:02:20.115" level="INFO">[host 10.102.164.218 session-id 50795] Requesting 'CloseSession'</msg>
<msg timestamp="20200521 01:02:20.115" level="DEBUG">[host 10.102.164.218 session-id 50795] queueing &lt;?xml version="1.0" encoding="UTF-8"?&gt;&lt;nc:rpc xmlns:nc="urn:ietf:params:xml:ns:netconf:base:1.0" message-id="urn:uuid:565a938f-b36a-4e2e-b36e-200bce301255"&gt;&lt;nc:close-session/&gt;&lt;/nc:rpc&gt;</msg>
<msg timestamp="20200521 01:02:20.115" level="DEBUG">[host 10.102.164.218 session-id 50795] Sync request, will wait for timeout=14400</msg>
<msg timestamp="20200521 01:02:20.255" level="TRACE">Return: &lt;pybot_jrouter.pybot_jrouter object at 0x10433a2e8&gt;</msg>
<status status="PASS" starttime="20200521 01:02:20.115" endtime="20200521 01:02:20.255"></status>
</kw>
<msg timestamp="20200521 01:02:20.255" level="TRACE">Return: &lt;pybot_jrouter.pybot_jrouter object at 0x10433a2e8&gt;</msg>
<status status="PASS" starttime="20200521 01:02:20.115" endtime="20200521 01:02:20.255"></status>
</kw>
<status status="PASS" starttime="20200521 01:02:20.115" endtime="20200521 01:02:20.255"></status>
</kw>
<status status="PASS" starttime="20200521 01:02:20.115" endtime="20200521 01:02:20.255"></status>
</kw>
<msg timestamp="20200521 01:02:20.255" level="TRACE">Return: None</msg>
<status status="PASS" starttime="20200521 01:02:20.114" endtime="20200521 01:02:20.255"></status>
</kw>
<doc>Router Test cases</doc>
<status status="FAIL" starttime="20200521 01:02:11.237" endtime="20200521 01:02:20.255"></status>
</suite>
<statistics>
<total>
<stat pass="4" fail="7">Critical Tests</stat>
<stat pass="4" fail="7">All Tests</stat>
</total>
<tag>
<stat pass="0" fail="3">ALARMS</stat>
<stat pass="1" fail="0">SOFTWARE</stat>
<stat pass="3" fail="6">SWITCH</stat>
<stat pass="3" fail="6">SYSTEM</stat>
<stat pass="1" fail="0">SYSTEM CONFIGURATION</stat>
<stat pass="0" fail="1">SYSTEM USER</stat>
</tag>
<suite>
<stat pass="4" fail="7" id="s1" name="02 Vmx1">02 Vmx1</stat>
</suite>
</statistics>
<errors>
</errors>
</robot>
